[2021-09-16 23:33:35] __rvm_set_executable
__rvm_set_executable () 
{ 
    for __file in "$@";
    do
        [[ -x "${__file}" ]] || chmod +x "${__file}";
    done
}
current path: /Users/jjbiggins/.rvm/src/ruby-3.0.0
GEM_PATH=/Users/jjbiggins/.rvm/gems/ruby-3.0.0:/Users/jjbiggins/.rvm/gems/ruby-3.0.0@global
GEM_HOME=/Users/jjbiggins/.rvm/gems/ruby-3.0.0
PATH=/opt/local/bin:/Volumes/mnt/bin:/Users/jjbiggins/bin:/Users/jjbiggins/bin:/Library/Frameworks/Python.framework/Versions/3.9/bin/python3:/Library/Frameworks/Python.framework/Versions/3.9/bin:/Library/Java/JavaVirtualMachines/jdk-11.0.11.jdk/Contents/Home/bin:/opt/gradle/gradle-7.1.1/bin:/usr/local/apache-ant-latest/bin:/usr/local/apache-maven-latest/bin:/Library/PostgreSQL/13/bin:/opt/local/sbin:/Users/jjbiggins/.rvm/gems/ruby-3.0.0/bin:/Users/jjbiggins/.rvm/gems/ruby-3.0.0@global/bin:/Users/jjbiggins/.rvm/rubies/ruby-3.0.0/bin:/Users/jjbiggins/.rvm/gems/ruby-3.0.0/bin:/Users/jjbiggins/.rvm/gems/ruby-3.0.0@global/bin:/Users/jjbiggins/.rvm/rubies/ruby-3.0.0/bin:/Users/jjbiggins/.rvm/bin:/Volumes/mnt/bin:/Users/jjbiggins/bin:/Users/jjbiggins/bin:/Library/Frameworks/Python.framework/Versions/3.9/bin/python3:/Library/Frameworks/Python.framework/Versions/3.9/bin:/Library/Java/JavaVirtualMachines/jdk-11.0.11.jdk/Contents/Home/bin:/opt/gradle/gradle-7.1.1/bin:/usr/local/apache-ant-latest/bin:/usr/local/apache-maven-latest/bin:/Library/PostgreSQL/13/bin:/opt/local/sbin:/usr/local/bin:/usr/bin:/bin:/usr/sbin:/sbin:/Library/TeX/texbin:/usr/local/share/dotnet:/usr/local/zfs/bin:/opt/X11/bin:~/.dotnet/tools:/Applications/Server.app/Contents/ServerRoot/usr/bin:/Applications/Server.app/Contents/ServerRoot/usr/sbin:/Library/Apple/usr/bin:/Library/Frameworks/Mono.framework/Versions/Current/Commands:/Applications/Wireshark.app/Contents/MacOS:/Users/jjbiggins/.rvm/bin:/Users/jjbiggins/.rvm/bin
command(13): __rvm_set_executable /Users/jjbiggins/.rvm/rubies/ruby-3.0.0/bin/bundle /Users/jjbiggins/.rvm/rubies/ruby-3.0.0/bin/bundler /Users/jjbiggins/.rvm/rubies/ruby-3.0.0/bin/erb /Users/jjbiggins/.rvm/rubies/ruby-3.0.0/bin/gem /Users/jjbiggins/.rvm/rubies/ruby-3.0.0/bin/irb /Users/jjbiggins/.rvm/rubies/ruby-3.0.0/bin/racc /Users/jjbiggins/.rvm/rubies/ruby-3.0.0/bin/rake /Users/jjbiggins/.rvm/rubies/ruby-3.0.0/bin/rbs /Users/jjbiggins/.rvm/rubies/ruby-3.0.0/bin/rdoc /Users/jjbiggins/.rvm/rubies/ruby-3.0.0/bin/ri /Users/jjbiggins/.rvm/rubies/ruby-3.0.0/bin/ruby /Users/jjbiggins/.rvm/rubies/ruby-3.0.0/bin/typeprof
++ /scripts/functions/gemset : __rvm_set_executable()  404 > for __file in "$@"
++ /scripts/functions/gemset : __rvm_set_executable()  405 > [[ -x /Users/jjbiggins/.rvm/rubies/ruby-3.0.0/bin/bundle ]]
++ /scripts/functions/gemset : __rvm_set_executable()  404 > for __file in "$@"
++ /scripts/functions/gemset : __rvm_set_executable()  405 > [[ -x /Users/jjbiggins/.rvm/rubies/ruby-3.0.0/bin/bundler ]]
++ /scripts/functions/gemset : __rvm_set_executable()  404 > for __file in "$@"
++ /scripts/functions/gemset : __rvm_set_executable()  405 > [[ -x /Users/jjbiggins/.rvm/rubies/ruby-3.0.0/bin/erb ]]
++ /scripts/functions/gemset : __rvm_set_executable()  404 > for __file in "$@"
++ /scripts/functions/gemset : __rvm_set_executable()  405 > [[ -x /Users/jjbiggins/.rvm/rubies/ruby-3.0.0/bin/gem ]]
++ /scripts/functions/gemset : __rvm_set_executable()  404 > for __file in "$@"
++ /scripts/functions/gemset : __rvm_set_executable()  405 > [[ -x /Users/jjbiggins/.rvm/rubies/ruby-3.0.0/bin/irb ]]
++ /scripts/functions/gemset : __rvm_set_executable()  404 > for __file in "$@"
++ /scripts/functions/gemset : __rvm_set_executable()  405 > [[ -x /Users/jjbiggins/.rvm/rubies/ruby-3.0.0/bin/racc ]]
++ /scripts/functions/gemset : __rvm_set_executable()  404 > for __file in "$@"
++ /scripts/functions/gemset : __rvm_set_executable()  405 > [[ -x /Users/jjbiggins/.rvm/rubies/ruby-3.0.0/bin/rake ]]
++ /scripts/functions/gemset : __rvm_set_executable()  404 > for __file in "$@"
++ /scripts/functions/gemset : __rvm_set_executable()  405 > [[ -x /Users/jjbiggins/.rvm/rubies/ruby-3.0.0/bin/rbs ]]
++ /scripts/functions/gemset : __rvm_set_executable()  404 > for __file in "$@"
++ /scripts/functions/gemset : __rvm_set_executable()  405 > [[ -x /Users/jjbiggins/.rvm/rubies/ruby-3.0.0/bin/rdoc ]]
++ /scripts/functions/gemset : __rvm_set_executable()  404 > for __file in "$@"
++ /scripts/functions/gemset : __rvm_set_executable()  405 > [[ -x /Users/jjbiggins/.rvm/rubies/ruby-3.0.0/bin/ri ]]
++ /scripts/functions/gemset : __rvm_set_executable()  404 > for __file in "$@"
++ /scripts/functions/gemset : __rvm_set_executable()  405 > [[ -x /Users/jjbiggins/.rvm/rubies/ruby-3.0.0/bin/ruby ]]
++ /scripts/functions/gemset : __rvm_set_executable()  404 > for __file in "$@"
++ /scripts/functions/gemset : __rvm_set_executable()  405 > [[ -x /Users/jjbiggins/.rvm/rubies/ruby-3.0.0/bin/typeprof ]]
