[2021-09-16 23:31:26] ./configure
current path: /Users/jjbiggins/.rvm/src/ruby-3.0.0
GEM_PATH=/Users/jjbiggins/.rvm/gems/ruby-3.0.0:/Users/jjbiggins/.rvm/gems/ruby-3.0.0@global
GEM_HOME=/Users/jjbiggins/.rvm/gems/ruby-3.0.0
PATH=/opt/local/bin:/Volumes/mnt/bin:/Users/jjbiggins/bin:/Users/jjbiggins/bin:/Library/Frameworks/Python.framework/Versions/3.9/bin/python3:/Library/Frameworks/Python.framework/Versions/3.9/bin:/Library/Java/JavaVirtualMachines/jdk-11.0.11.jdk/Contents/Home/bin:/opt/gradle/gradle-7.1.1/bin:/usr/local/apache-ant-latest/bin:/usr/local/apache-maven-latest/bin:/Library/PostgreSQL/13/bin:/opt/local/sbin:/Users/jjbiggins/.rvm/gems/ruby-3.0.0/bin:/Users/jjbiggins/.rvm/gems/ruby-3.0.0@global/bin:/Users/jjbiggins/.rvm/rubies/ruby-3.0.0/bin:/Users/jjbiggins/.rvm/gems/ruby-3.0.0/bin:/Users/jjbiggins/.rvm/gems/ruby-3.0.0@global/bin:/Users/jjbiggins/.rvm/rubies/ruby-3.0.0/bin:/Users/jjbiggins/.rvm/bin:/Volumes/mnt/bin:/Users/jjbiggins/bin:/Users/jjbiggins/bin:/Library/Frameworks/Python.framework/Versions/3.9/bin/python3:/Library/Frameworks/Python.framework/Versions/3.9/bin:/Library/Java/JavaVirtualMachines/jdk-11.0.11.jdk/Contents/Home/bin:/opt/gradle/gradle-7.1.1/bin:/usr/local/apache-ant-latest/bin:/usr/local/apache-maven-latest/bin:/Library/PostgreSQL/13/bin:/opt/local/sbin:/usr/local/bin:/usr/bin:/bin:/usr/sbin:/sbin:/Library/TeX/texbin:/usr/local/share/dotnet:/usr/local/zfs/bin:/opt/X11/bin:~/.dotnet/tools:/Applications/Server.app/Contents/ServerRoot/usr/bin:/Applications/Server.app/Contents/ServerRoot/usr/sbin:/Library/Apple/usr/bin:/Library/Frameworks/Mono.framework/Versions/Current/Commands:/Applications/Wireshark.app/Contents/MacOS:/Users/jjbiggins/.rvm/bin:/Users/jjbiggins/.rvm/bin
command(7): env CFLAGS=-O3 -I/opt/local/include LDFLAGS=-L/opt/local/lib ./configure --prefix=/Users/jjbiggins/.rvm/rubies/ruby-3.0.0 --disable-install-doc --enable-shared
checking for ruby... /opt/local/bin/ruby
tool/config.guess already exists
tool/config.sub already exists
checking build system type... x86_64-apple-darwin20.6.0
checking host system type... x86_64-apple-darwin20.6.0
checking target system type... x86_64-apple-darwin20.6.0
checking for ld... ld
checking for gcc-ar... no
checking for g++... g++
checking for gcc-nm... no
checking for gcc-ranlib... no
checking for gcc... gcc
checking whether the C compiler works... yes
checking for C compiler default output file name... a.out
checking for suffix of executables... 
checking whether we are cross compiling... no
checking for suffix of object files... o
checking whether we are using the GNU C compiler... yes
checking whether gcc accepts -g... yes
checking for gcc option to accept ISO C89... none needed
checking for gcc option to accept ISO C99... none needed
checking whether we are using the GNU C++ compiler... yes
checking whether g++ accepts -g... yes
checking how to run the C preprocessor... gcc -E
checking for ranlib... ranlib
checking for gar... no
checking for ar... ar
checking for gas... no
checking for as... as
checking for gnm... no
checking for nm... nm
checking for gobjcopy... no
checking for objcopy... no
checking for gobjdump... no
checking for objdump... objdump
checking for gstrip... no
checking for strip... strip
checking if minimum required OS X version is supported... yes
checking whether the linker is GNU ld... no
checking whether gcc -E accepts -o... yes
checking for gcc... /usr/bin/gcc
checking for real target cpu... x86_64
checking for ar flags... rcu
checking whether ln -s works... yes
checking whether make sets $(MAKE)... yes
checking for a BSD-compatible install... /opt/local/bin/ginstall -c
checking for a thread-safe mkdir -p... /opt/local/bin/gmkdir -p
checking for dtrace... dtrace
checking for dot... dot
checking for doxygen... no
checking for pkg-config... pkg-config
checking for grep that handles long lines and -e... /opt/local/bin/ggrep
checking for egrep... /opt/local/bin/ggrep -E
checking for ANSI C header files... yes
checking for sys/types.h... yes
checking for sys/stat.h... yes
checking for stdlib.h... yes
checking for string.h... yes
checking for memory.h... yes
checking for strings.h... yes
checking for inttypes.h... yes
checking for stdint.h... yes
checking for unistd.h... yes
checking minix/config.h usability... no
checking minix/config.h presence... no
checking for minix/config.h... no
checking whether it is safe to define __EXTENSIONS__... yes
checking whether it is Android... no
checking for cd using physical directory... cd -P
checking whether CFLAGS is valid... yes
checking whether LDFLAGS is valid... yes
checking whether -Wl,-R. is accepted as LDFLAGS... no
checking whether -Wl,-rpath,. is accepted as LDFLAGS... yes
checking whether -fdeclspec is accepted as CFLAGS... yes
checking whether -fdeclspec is accepted as CXXFLAGS... yes
checking whether -Wdeprecated-declarations is accepted as CFLAGS... yes
checking whether -Wdivision-by-zero is accepted as CFLAGS... yes
checking whether -Wduplicated-cond is accepted as CFLAGS... no
checking whether -Wimplicit-function-declaration is accepted as CFLAGS... yes
checking whether -Wimplicit-int is accepted as CFLAGS... yes
checking whether -Wmisleading-indentation is accepted as CFLAGS... yes
checking whether -Wpointer-arith is accepted as CFLAGS... yes
checking whether -Wshorten-64-to-32 is accepted as CFLAGS... yes
checking whether -Wwrite-strings is accepted as CFLAGS... yes
checking whether -Wimplicit-fallthrough=0 is accepted as CFLAGS... no
checking whether -Wmissing-noreturn is accepted as CFLAGS... yes
checking whether -Wno-cast-function-type is accepted as CFLAGS... no
checking whether -Wno-constant-logical-operand is accepted as CFLAGS... yes
checking whether -Wno-long-long is accepted as CFLAGS... yes
checking whether -Wno-missing-field-initializers is accepted as CFLAGS... yes
checking whether -Wno-overlength-strings is accepted as CFLAGS... yes
checking whether -Wno-packed-bitfield-compat is accepted as CFLAGS... no
checking whether -Wno-parentheses-equality is accepted as CFLAGS... yes
checking whether -Wno-self-assign is accepted as CFLAGS... yes
checking whether -Wno-tautological-compare is accepted as CFLAGS... yes
checking whether -Wno-unused-parameter is accepted as CFLAGS... yes
checking whether -Wno-unused-value is accepted as CFLAGS... yes
checking whether -Wsuggest-attribute=format is accepted as CFLAGS... no
checking whether -Wsuggest-attribute=noreturn is accepted as CFLAGS... no
checking whether -Wunused-variable is accepted as CFLAGS... yes
checking whether -diag-disable=175,188,1684,2259,2312 is accepted as CFLAGS... no
checking whether -Wextra-tokens is accepted as CFLAGS... yes
checking whether -Wall -Wextra is accepted as CFLAGS... yes
checking whether -Qunused-arguments is accepted as CFLAGS... yes
checking whether -O3 -D_FORTIFY_SOURCE=2 is accepted as CFLAGS... yes
checking whether -fstack-protector-strong is accepted as CFLAGS... yes
checking whether -fstack-protector-strong is accepted as LDFLAGS... yes
checking whether -Wl,--compress-debug-sections=zlib is accepted as LDFLAGS... no
checking whether -std=gnu99 is accepted as CFLAGS... yes
checking whether -fno-strict-overflow is accepted as CFLAGS... yes
checking whether -ggdb3 is accepted as CFLAGS... yes
checking whether -fvisibility=hidden is accepted as CFLAGS... yes
checking whether -fno-fast-math is accepted as CFLAGS... yes
checking whether -fexcess-precision=standard is accepted as CFLAGS... no
checking whether -fp-model precise is accepted as CFLAGS... no
checking whether compiler has statement and declarations in expressions... yes
checking whether syscall(2) is deprecated... yes
checking for broken crypt with 8bit chars... yes
checking for codesign... codesign
checking for dsymutil... dsymutil
checking for crt_externs.h... yes
checking whether CXXFLAGS is valid... yes
checking for crypt in -lcrypt... (cached) no
checking for dlopen in -ldl... yes
checking for shl_load in -ldld... no
checking for shutdown in -lsocket... no
checking for dirent.h that defines DIR... yes
checking for library containing opendir... none required
checking for stdbool.h that conforms to C99... yes
checking for _Bool... yes
checking for sys/wait.h that is POSIX.1 compatible... yes
checking a.out.h usability... no
checking a.out.h presence... no
checking for a.out.h... no
checking atomic.h usability... no
checking atomic.h presence... no
checking for atomic.h... no
checking copyfile.h usability... yes
checking copyfile.h presence... yes
checking for copyfile.h... yes
checking direct.h usability... no
checking direct.h presence... no
checking for direct.h... no
checking grp.h usability... yes
checking grp.h presence... yes
checking for grp.h... yes
checking fcntl.h usability... yes
checking fcntl.h presence... yes
checking for fcntl.h... yes
checking float.h usability... yes
checking float.h presence... yes
checking for float.h... yes
checking ieeefp.h usability... no
checking ieeefp.h presence... no
checking for ieeefp.h... no
checking intrinsics.h usability... no
checking intrinsics.h presence... no
checking for intrinsics.h... no
checking langinfo.h usability... yes
checking langinfo.h presence... yes
checking for langinfo.h... yes
checking limits.h usability... yes
checking limits.h presence... yes
checking for limits.h... yes
checking locale.h usability... yes
checking locale.h presence... yes
checking for locale.h... yes
checking malloc.h usability... no
checking malloc.h presence... no
checking for malloc.h... no
checking malloc/malloc.h usability... yes
checking malloc/malloc.h presence... yes
checking for malloc/malloc.h... yes
checking malloc_np.h usability... no
checking malloc_np.h presence... no
checking for malloc_np.h... no
checking net/socket.h usability... no
checking net/socket.h presence... no
checking for net/socket.h... no
checking process.h usability... no
checking process.h presence... no
checking for process.h... no
checking pwd.h usability... yes
checking pwd.h presence... yes
checking for pwd.h... yes
checking sanitizer/asan_interface.h usability... yes
checking sanitizer/asan_interface.h presence... yes
checking for sanitizer/asan_interface.h... yes
checking sanitizer/msan_interface.h usability... yes
checking sanitizer/msan_interface.h presence... yes
checking for sanitizer/msan_interface.h... yes
checking setjmpex.h usability... no
checking setjmpex.h presence... no
checking for setjmpex.h... no
checking stdalign.h usability... yes
checking stdalign.h presence... yes
checking for stdalign.h... yes
checking sys/attr.h usability... yes
checking sys/attr.h presence... yes
checking for sys/attr.h... yes
checking sys/eventfd.h usability... no
checking sys/eventfd.h presence... no
checking for sys/eventfd.h... no
checking sys/fcntl.h usability... yes
checking sys/fcntl.h presence... yes
checking for sys/fcntl.h... yes
checking sys/file.h usability... yes
checking sys/file.h presence... yes
checking for sys/file.h... yes
checking sys/id.h usability... no
checking sys/id.h presence... no
checking for sys/id.h... no
checking sys/ioctl.h usability... yes
checking sys/ioctl.h presence... yes
checking for sys/ioctl.h... yes
checking sys/mkdev.h usability... no
checking sys/mkdev.h presence... no
checking for sys/mkdev.h... no
checking sys/param.h usability... yes
checking sys/param.h presence... yes
checking for sys/param.h... yes
checking sys/prctl.h usability... no
checking sys/prctl.h presence... no
checking for sys/prctl.h... no
checking sys/resource.h usability... yes
checking sys/resource.h presence... yes
checking for sys/resource.h... yes
checking sys/select.h usability... yes
checking sys/select.h presence... yes
checking for sys/select.h... yes
checking sys/sendfile.h usability... no
checking sys/sendfile.h presence... no
checking for sys/sendfile.h... no
checking sys/socket.h usability... yes
checking sys/socket.h presence... yes
checking for sys/socket.h... yes
checking for sys/syscall.h... (cached) no
checking sys/sysmacros.h usability... no
checking sys/sysmacros.h presence... no
checking for sys/sysmacros.h... no
checking sys/time.h usability... yes
checking sys/time.h presence... yes
checking for sys/time.h... yes
checking sys/times.h usability... yes
checking sys/times.h presence... yes
checking for sys/times.h... yes
checking sys/uio.h usability... yes
checking sys/uio.h presence... yes
checking for sys/uio.h... yes
checking sys/utime.h usability... no
checking sys/utime.h presence... no
checking for sys/utime.h... no
checking for syscall.h... (cached) no
checking time.h usability... yes
checking time.h presence... yes
checking for time.h... yes
checking ucontext.h usability... yes
checking ucontext.h presence... yes
checking for ucontext.h... yes
checking utime.h usability... yes
checking utime.h presence... yes
checking for utime.h... yes
checking x86intrin.h usability... yes
checking x86intrin.h presence... yes
checking for x86intrin.h... yes
checking gmp.h usability... yes
checking gmp.h presence... no
configure: WARNING: gmp.h: accepted by the compiler, rejected by the preprocessor!
configure: WARNING: gmp.h: proceeding with the compiler's result
checking for gmp.h... yes
checking for library containing __gmpz_init... -lgmp
checking for special C compiler options needed for large files... no
checking for _FILE_OFFSET_BITS value needed for large files... no
checking whether byte ordering is bigendian... no
checking for an ANSI C-conforming const... yes
checking whether char is unsigned... no
checking for inline... inline
checking for working volatile... yes
checking for typeof syntax and keyword spelling... typeof
checking for C/C++ restrict keyword... __restrict
checking for long long... yes
checking for off_t... yes
checking char bit... 8
checking size of int... 4
checking size of short... 2
checking size of long... 8
checking size of long long... 8
checking size of __int64... 0
checking size of __int128... 16
checking size of off_t... 8
checking size of void*... 8
checking size of float... 4
checking size of double... 8
checking size of time_t... 8
checking size of clock_t... 8
checking packed struct attribute... x __attribute__((packed))
checking whether -Wno-address-of-packed-member is accepted as CFLAGS... yes
checking for printf prefix for long long... ll
checking for pid_t... yes
checking for convertible type of pid_t... INT
checking for uid_t... yes
checking for convertible type of uid_t... UINT
checking for gid_t... yes
checking for convertible type of gid_t... UINT
checking for time_t... yes
checking for convertible type of time_t... LONG
checking for dev_t... yes
checking for convertible type of dev_t... INT
checking for mode_t... yes
checking for convertible type of mode_t... USHORT
checking for rlim_t... yes
checking for convertible type of rlim_t... ULL
checking for off_t... (cached) yes
checking for convertible type of off_t... LL
checking for clockid_t... yes
checking for convertible type of clockid_t... UINT
checking for variable length macro... yes
checking if _Alignof() works... yes
checking for CONSTFUNC function attribute... __attribute__ ((__const__)) x
checking for PUREFUNC function attribute... __attribute__ ((__pure__)) x
checking for NORETURN function attribute... __attribute__ ((__noreturn__)) x
checking for DEPRECATED function attribute... __attribute__ ((__deprecated__)) x
checking for DEPRECATED_BY function attribute... __attribute__ ((__deprecated__("by "#n))) x
checking for NOINLINE function attribute... __attribute__ ((__noinline__)) x
checking for ALWAYS_INLINE function attribute... __attribute__ ((__always_inline__)) x
checking for NO_SANITIZE function attribute... __attribute__ ((__no_sanitize__(san))) x
checking for NO_SANITIZE_ADDRESS function attribute... __attribute__ ((__no_sanitize_address__)) x
checking for NO_ADDRESS_SAFETY_ANALYSIS function attribute... __attribute__ ((__no_address_safety_analysis__)) x
checking for WARN_UNUSED_RESULT function attribute... __attribute__ ((__warn_unused_result__)) x
checking for MAYBE_UNUSED function attribute... __attribute__ ((__unused__)) x
checking for ERRORFUNC function attribute... x
checking for WARNINGFUNC function attribute... x
checking for WEAK function attribute... __attribute__ ((__weak__)) x
checking for __attribute__((__depreacted__(msg))) in C++... yes
checking for std::nullptr_t... yes
checking for FUNC_STDCALL function attribute... x
checking for FUNC_CDECL function attribute... __attribute__ ((__cdecl__)) x
checking for FUNC_FASTCALL function attribute... x
checking for FUNC_UNOPTIMIZED function attribute... x
checking for FUNC_MINIMIZED function attribute... x
checking for function alias... no
checking for __atomic builtins... yes
checking for __sync builtins... yes
checking for __builtin_unreachable... yes
checking for exported function attribute... __attribute__ ((__visibility__("default")))
checking for RUBY_FUNC_NONNULL function attribute... __attribute__ ((__nonnull__(n))) x
checking for function name string predefined identifier... __func__
checking if enum over int is allowed... yes
checking whether sys_nerr is declared... yes
checking whether getenv is declared... yes
checking for size_t... yes
checking size of size_t... 8
checking size of ptrdiff_t... 8
checking for printf prefix for size_t... z
checking for printf prefix for ptrdiff_t... t
checking for struct stat.st_blksize... yes
checking for struct stat.st_blocks... yes
checking for struct stat.st_rdev... yes
checking size of struct stat.st_size... SIZEOF_OFF_T
checking size of struct stat.st_blocks... SIZEOF_OFF_T
checking size of struct stat.st_ino... SIZEOF_LONG
checking for struct stat.st_atim... no
checking for struct stat.st_atimespec... yes
checking for struct stat.st_atimensec... no
checking for struct stat.st_mtim... no
checking for struct stat.st_mtimespec... yes
checking for struct stat.st_mtimensec... no
checking for struct stat.st_ctim... no
checking for struct stat.st_ctimespec... yes
checking for struct stat.st_ctimensec... no
checking for struct stat.st_birthtimespec... yes
checking for struct timeval... yes
checking size of struct timeval.tv_sec... SIZEOF_TIME_T
checking for struct timespec... yes
checking for struct timezone... yes
checking for fd_mask... yes
checking for int8_t... yes
checking size of int8_t... 1
checking for uint8_t... yes
checking size of uint8_t... 1
checking for int16_t... yes
checking size of int16_t... 2
checking for uint16_t... yes
checking size of uint16_t... 2
checking for int32_t... yes
checking size of int32_t... 4
checking for uint32_t... yes
checking size of uint32_t... 4
checking for int64_t... yes
checking size of int64_t... 8
checking for uint64_t... yes
checking size of uint64_t... 8
checking for int128_t... __int128
checking for uint128_t... unsigned __int128
checking for intptr_t... yes
checking size of intptr_t... 8
checking for uintptr_t... yes
checking size of uintptr_t... 8
checking for printf prefix for intptr_t... l
checking for ssize_t... yes
checking size of ssize_t... 8
checking for printf prefix for int64_t... ll
checking for stack end address... no
checking for uid_t in sys/types.h... (cached) yes
checking type of array argument to getgroups... (cached) gid_t
checking for working alloca.h... yes
checking for alloca... yes
checking for dynamic size alloca... ok
checking for working memcmp... yes
checking for acosh... yes
checking for cbrt... yes
checking for crypt... yes
checking for dup2... yes
checking for erf... yes
checking for explicit_bzero... no
checking for ffs... yes
checking for flock... yes
checking for hypot... yes
checking for lgamma_r... yes
checking for memmove... yes
checking for nan... yes
checking for nextafter... yes
checking for setproctitle... no
checking for strchr... yes
checking for strerror... yes
checking for strlcat... yes
checking for strlcpy... yes
checking for strstr... yes
checking for tgamma... yes
checking whether finite is declared... yes
checking whether isinf is declared... yes
checking whether isnan is declared... yes
checking sys/pstat.h usability... no
checking sys/pstat.h presence... no
checking for sys/pstat.h... no
checking for signbit... yes
checking for pid_t... (cached) yes
checking vfork.h usability... no
checking vfork.h presence... no
checking for vfork.h... no
checking for fork... yes
checking for vfork... (cached) no
checking for working fork... yes
checking for __syscall... (cached) no
checking for _longjmp... yes
checking for arc4random_buf... yes
checking for atan2l... yes
checking for atan2f... yes
checking for chroot... yes
checking for chsize... no
checking for clock_gettime... yes
checking for copy_file_range... no
checking for cosh... yes
checking for crypt_r... no
checking for daemon... (cached) no
checking for dirfd... yes
checking for dl_iterate_phdr... no
checking for dlopen... yes
checking for dladdr... yes
checking for dup... yes
checking for dup3... no
checking for eaccess... no
checking for endgrent... yes
checking for eventfd... no
checking for explicit_memset... no
checking for fcopyfile... yes
checking for fchmod... yes
checking for fchown... yes
checking for fcntl... yes
checking for fdatasync... (cached) no
checking for fdopendir... yes
checking for fgetattrlist... yes
checking for fmod... yes
checking for fstatat... yes
checking for fsync... yes
checking for ftruncate... yes
checking for ftruncate64... no
checking for getattrlist... yes
checking for getcwd... yes
checking for getgidx... no
checking for getgrnam... yes
checking for getgrnam_r... yes
checking for getgroups... yes
checking for getlogin... yes
checking for getlogin_r... yes
checking for getpgid... yes
checking for getpgrp... yes
checking for getpriority... yes
checking for getpwnam... yes
checking for getpwnam_r... yes
checking for getpwuid... yes
checking for getpwuid_r... yes
checking for getrandom... no
checking for getresgid... no
checking for getresuid... no
checking for getrlimit... yes
checking for getsid... yes
checking for gettimeofday... yes
checking for getuidx... no
checking for gmtime_r... yes
checking for grantpt... yes
checking for initgroups... yes
checking for ioctl... yes
checking for isfinite... no
checking for issetugid... yes
checking for killpg... yes
checking for lchmod... yes
checking for lchown... yes
checking for link... yes
checking for llabs... yes
checking for lockf... yes
checking for log2... yes
checking for lstat... yes
checking for lutimes... yes
checking for malloc_usable_size... no
checking for malloc_size... yes
checking for mblen... yes
checking for memalign... no
checking for memset_s... yes
checking for writev... yes
checking for memrchr... no
checking for memmem... yes
checking for mkfifo... yes
checking for mknod... yes
checking for mktime... yes
checking for openat... yes
checking for pipe2... no
checking for poll... yes
checking for posix_fadvise... no
checking for posix_memalign... yes
checking for ppoll... no
checking for pread... yes
checking for pwrite... yes
checking for qsort_r... yes
checking for qsort_s... no
checking for readlink... yes
checking for realpath... yes
checking for round... yes
checking for sched_getaffinity... no
checking for seekdir... yes
checking for select_large_fdset... no
checking for sendfile... yes
checking for setegid... yes
checking for setenv... yes
checking for seteuid... yes
checking for setgid... yes
checking for setgroups... yes
checking for setpgid... yes
checking for setpgrp... yes
checking for setregid... yes
checking for setresgid... no
checking for setresuid... no
checking for setreuid... yes
checking for setrgid... yes
checking for setrlimit... yes
checking for setruid... yes
checking for setsid... yes
checking for setuid... yes
checking for shutdown... yes
checking for sigaction... yes
checking for sigaltstack... yes
checking for sigprocmask... yes
checking for sinh... yes
checking for spawnv... no
checking for symlink... yes
checking for syscall... (cached) no
checking for sysconf... yes
checking for tanh... yes
checking for telldir... yes
checking for timegm... yes
checking for times... yes
checking for truncate... yes
checking for truncate64... no
checking for unsetenv... yes
checking for utimensat... yes
checking for utimes... yes
checking for wait4... yes
checking for waitpid... yes
checking for __cospi... yes
checking for __sinpi... yes
checking if getcwd allocates buffer if NULL is given... yes
checking for __builtin_alloca_with_align... yes
checking for __builtin_assume_aligned... yes
checking for __builtin_bswap16... yes
checking for __builtin_bswap32... yes
checking for __builtin_bswap64... yes
checking for __builtin_popcount... yes
checking for __builtin_popcountll... yes
checking for __builtin_clz... yes
checking for __builtin_clzl... yes
checking for __builtin_clzll... yes
checking for __builtin_ctz... yes
checking for __builtin_ctzll... yes
checking for __builtin_add_overflow... yes
checking for __builtin_sub_overflow... yes
checking for __builtin_mul_overflow... yes
checking for __builtin_mul_overflow_p... no
checking for __builtin_constant_p... yes
checking for __builtin_choose_expr... yes
checking for __builtin_choose_expr_constant_p... yes
checking for __builtin_types_compatible_p... yes
checking for __builtin_trap... yes
checking whether qsort_r is GNU version... no
checking whether qsort_r is BSD version... yes
checking whether atan2 handles Inf as C99... yes
checking for clock_getres... yes
checking for timer_create in -lrt... no
checking for timer_settime in -lrt... no
checking for unsetenv returns a value... yes
checking whether struct tm is in sys/time.h or time.h... time.h
checking for struct tm.tm_zone... yes
checking for struct tm.tm_gmtoff... yes
checking for external int daylight... yes
checking for negative time_t for gmtime(3)... yes
checking for localtime(3) overflow correctly... yes
checking for sig_t... yes
checking whether right shift preserve sign bit... yes
checking for copy_file_range... no
checking whether _SC_CLK_TCK is supported... yes
checking stack growing direction on x86_64... -1
checking native coroutine implementation for x86_64-darwin20... amd64
checking for pthread_create in -lthr... no
checking for pthread_create in -lpthread... yes
checking for pthread_np.h... no
checking whether pthread_t is scalar type... yes
checking for sched_yield... yes
checking for pthread_attr_setinheritsched... yes
checking for pthread_attr_get_np... no
checking for pthread_attr_getstack... yes
checking for pthread_attr_getguardsize... yes
checking for pthread_get_stackaddr_np... yes
checking for pthread_get_stacksize_np... yes
checking for thr_stksegment... no
checking for pthread_stackseg_np... no
checking for pthread_getthrds_np... no
checking for pthread_condattr_setclock... no
checking for pthread_sigmask... yes
checking for pthread_setname_np... yes
checking for pthread_set_name_np... no
checking for pthread_getattr_np... no
checking arguments of pthread_setname_np... (name)
checking if mcontext_t is a pointer... yes
checking for getcontext... (cached) no
checking for setcontext... (cached) no
checking if fork works with pthread... yes
checking whether ELF binaries are produced... no
checking mach-o/loader.h usability... yes
checking mach-o/loader.h presence... yes
checking for mach-o/loader.h... yes
checking whether OS depend dynamic link works... yes
checking whether -Wl,-undefined,dynamic_lookup is accepted as LDFLAGS... yes
checking whether -Wl,-multiply_defined,suppress is accepted as LDFLAGS... yes
checking libproc.h usability... yes
checking libproc.h presence... yes
checking for libproc.h... yes
checking execinfo.h usability... yes
checking execinfo.h presence... yes
checking for execinfo.h... yes
checking for backtrace in -lexecinfo... no
checking libunwind.h usability... yes
checking libunwind.h presence... yes
checking for libunwind.h... yes
checking for backtrace... yes
checking for broken backtrace... yes
checking valgrind/memcheck.h usability... no
checking valgrind/memcheck.h presence... no
checking for valgrind/memcheck.h... no
checking for strip flags... -A -n
checking whether -Wl,--no-undefined is accepted as LDFLAGS... no
checking whether wrapper for DYLD_FALLBACK_LIBRARY_PATH is needed... yes
checking whether dtrace USDT is available... yes(-xnolibs)
checking whether dtrace needs post processing... no
checking for __builtin_setjmp... (cached) no
checking for _setjmpex as a macro or function... no
checking for _setjmp as a macro or function... yes
checking for sigsetjmp as a macro or function... yes
checking for setjmp type... sigsetjmp,0
checking for prefix of external symbols... _
checking pthread.h usability... yes
checking pthread.h presence... yes
checking for pthread.h... yes
checking if make is GNU make... yes
.ext/include/x86_64-darwin20/ruby/config.h updated
configure: ruby library version = 3.0.0
configure: creating ./config.status
config.status: creating GNUmakefile
config.status: creating Makefile
config.status: creating ruby-3.0.pc
---
Configuration summary for ruby version 3.0.0

   * Installation prefix: /Users/jjbiggins/.rvm/rubies/ruby-3.0.0
   * exec prefix:         ${prefix}
   * arch:                x86_64-darwin20
   * site arch:           ${arch}
   * RUBY_BASE_NAME:      ruby
   * enable shared:       yes
   * ruby lib prefix:     ${libdir}/${RUBY_BASE_NAME}
   * site libraries path: ${rubylibprefix}/${sitearch}
   * vendor path:         ${rubylibprefix}/vendor_ruby
   * target OS:           darwin20
   * compiler:            gcc -fdeclspec
   * with pthread:        yes
   * with coroutine:      amd64
   * enable shared libs:  yes
   * dynamic library ext: bundle
   * CFLAGS:              ${optflags} ${debugflags} ${warnflags}
   * LDFLAGS:             -L. -L/opt/local/lib -fstack-protector-strong \
                          -L/usr/local/lib
   * DLDFLAGS:            -L/opt/local/lib -Wl,-undefined,dynamic_lookup \
                          -Wl,-multiply_defined,suppress
   * optflags:            -O3
   * debugflags:          -ggdb3
   * warnflags:           -Wall -Wextra -Wdeprecated-declarations \
                          -Wdivision-by-zero \
                          -Wimplicit-function-declaration -Wimplicit-int \
                          -Wmisleading-indentation -Wpointer-arith \
                          -Wshorten-64-to-32 -Wwrite-strings \
                          -Wmissing-noreturn -Wno-constant-logical-operand \
                          -Wno-long-long -Wno-missing-field-initializers \
                          -Wno-overlength-strings -Wno-parentheses-equality \
                          -Wno-self-assign -Wno-tautological-compare \
                          -Wno-unused-parameter -Wno-unused-value \
                          -Wunused-variable -Wextra-tokens
   * strip command:       strip -A -n
   * install doc:         no
   * JIT support:         yes
   * man page type:       doc
   * BASERUBY -v:         ruby 3.0.2p107 (2021-07-07 revision 0db68f0233) \
                          [x86_64-darwin20]

---
