[2021-09-16 23:32:30] __rvm_make
__rvm_make () 
{ 
    \make "$@" || return $?
}
current path: /Users/jjbiggins/.rvm/src/ruby-3.0.0
GEM_PATH=/Users/jjbiggins/.rvm/gems/ruby-3.0.0:/Users/jjbiggins/.rvm/gems/ruby-3.0.0@global
GEM_HOME=/Users/jjbiggins/.rvm/gems/ruby-3.0.0
PATH=/opt/local/bin:/Volumes/mnt/bin:/Users/jjbiggins/bin:/Users/jjbiggins/bin:/Library/Frameworks/Python.framework/Versions/3.9/bin/python3:/Library/Frameworks/Python.framework/Versions/3.9/bin:/Library/Java/JavaVirtualMachines/jdk-11.0.11.jdk/Contents/Home/bin:/opt/gradle/gradle-7.1.1/bin:/usr/local/apache-ant-latest/bin:/usr/local/apache-maven-latest/bin:/Library/PostgreSQL/13/bin:/opt/local/sbin:/Users/jjbiggins/.rvm/gems/ruby-3.0.0/bin:/Users/jjbiggins/.rvm/gems/ruby-3.0.0@global/bin:/Users/jjbiggins/.rvm/rubies/ruby-3.0.0/bin:/Users/jjbiggins/.rvm/gems/ruby-3.0.0/bin:/Users/jjbiggins/.rvm/gems/ruby-3.0.0@global/bin:/Users/jjbiggins/.rvm/rubies/ruby-3.0.0/bin:/Users/jjbiggins/.rvm/bin:/Volumes/mnt/bin:/Users/jjbiggins/bin:/Users/jjbiggins/bin:/Library/Frameworks/Python.framework/Versions/3.9/bin/python3:/Library/Frameworks/Python.framework/Versions/3.9/bin:/Library/Java/JavaVirtualMachines/jdk-11.0.11.jdk/Contents/Home/bin:/opt/gradle/gradle-7.1.1/bin:/usr/local/apache-ant-latest/bin:/usr/local/apache-maven-latest/bin:/Library/PostgreSQL/13/bin:/opt/local/sbin:/usr/local/bin:/usr/bin:/bin:/usr/sbin:/sbin:/Library/TeX/texbin:/usr/local/share/dotnet:/usr/local/zfs/bin:/opt/X11/bin:~/.dotnet/tools:/Applications/Server.app/Contents/ServerRoot/usr/bin:/Applications/Server.app/Contents/ServerRoot/usr/sbin:/Library/Apple/usr/bin:/Library/Frameworks/Mono.framework/Versions/Current/Commands:/Applications/Wireshark.app/Contents/MacOS:/Users/jjbiggins/.rvm/bin:/Users/jjbiggins/.rvm/bin
command(2): __rvm_make -j12
++ /scripts/functions/support : __rvm_make()  383 > make -j12
	BASERUBY = /opt/local/bin/ruby --disable=gems
	CC = gcc -fdeclspec
	LD = ld
	LDSHARED = gcc -fdeclspec -dynamiclib
	CFLAGS = -O3 -I/opt/local/include -fno-common -pipe 
	XCFLAGS = -D_FORTIFY_SOURCE=2 -fstack-protector-strong -fno-strict-overflow -fvisibility=hidden -DRUBY_EXPORT -I. -I.ext/include/x86_64-darwin20 -I./include -I. -I./enc/unicode/12.1.0
	CPPFLAGS = -D_XOPEN_SOURCE -D_DARWIN_C_SOURCE -D_DARWIN_UNLIMITED_SELECT -D_REENTRANT   
	DLDFLAGS = -L/opt/local/lib -Wl,-undefined,dynamic_lookup -Wl,-multiply_defined,suppress -install_name /Users/jjbiggins/.rvm/rubies/ruby-3.0.0/lib/libruby.3.0.dylib -compatibility_version 3.0 -current_version 3.0.0  -fstack-protector-strong -framework Security -framework Foundation  -fstack-protector-strong -framework Security -framework Foundation  
	SOLIBS = -lpthread -lgmp -ldl -lobjc
	LANG = en_US.UTF-8
	LC_ALL = 
	LC_CTYPE = 
	MFLAGS = - --jobserver-fds=4,5 -j
Apple clang version 12.0.5 (clang-1205.0.22.11)
Target: x86_64-apple-darwin20.6.0
Thread model: posix
InstalledDir: /Applications/Xcode.app/Contents/Developer/Toolchains/XcodeDefault.xctoolchain/usr/bin
compiling ./main.c
compiling dmydln.c
compiling miniinit.c
compiling dmyext.c
translating probes probes.d
compiling ast.c
compiling bignum.c
compiling class.c
compiling compar.c
compiling compile.c
compiling complex.c
compiling cont.c
compiling debug.c
. ./vm_opts.h
compiling debug_counter.c
compiling dir.c
compiling dln_find.c
compiling encoding.c
compiling enum.c
compiling enumerator.c
compiling error.c
compiling eval.c
compiling file.c
compiling gc.c
compiling hash.c
compiling inits.c
compiling io.c
compiling iseq.c
compiling load.c
compiling marshal.c
compiling math.c
compiling memory_view.c
making mjit_config.h
compiling mjit_compile.c
compiling node.c
compiling numeric.c
compiling object.c
compiling pack.c
compiling parse.c
compiling proc.c
compiling process.c
compiling ractor.c
compiling random.c
compiling range.c
compiling rational.c
compiling re.c
compiling regcomp.c
compiling regenc.c
compiling regerror.c
compiling regexec.c
compiling regparse.c
compiling regsyntax.c
compiling ruby.c
compiling scheduler.c
compiling signal.c
compiling sprintf.c
compiling st.c
compiling strftime.c
compiling string.c
compiling struct.c
compiling symbol.c
compiling thread.c
compiling time.c
compiling transcode.c
compiling transient_heap.c
compiling util.c
compiling variable.c
compiling vm.c
compiling vm_backtrace.c
compiling vm_dump.c
compiling vm_sync.c
compiling vm_trace.c
compiling ./missing/explicit_bzero.c
compiling ./missing/setproctitle.c
compiling addr2line.c
compiling dmyenc.c
compiling dln.c
compiling localeinit.c
config.status: creating ruby-runner.h
compiling array.c
compiling mjit.c
assembling coroutine/amd64/Context.S
compiling enc/ascii.c
compiling enc/us_ascii.c
compiling enc/unicode.c
compiling enc/utf_8.c
compiling enc/trans/newline.c
./revision.h unchanged
compiling version.c
linking miniruby
warning: no debug symbols in executable (-arch x86_64)
generating x86_64-darwin20-fake.rb
x86_64-darwin20-fake.rb updated
warning: no debug symbols in executable (-arch x86_64)
generating encdb.h
builtin_binary.inc updated
compiling builtin.c
encdb.h updated
./tool/ifchange "--timestamp=.rbconfig.time" rbconfig.rb rbconfig.tmp
rbconfig.rb updated
generating enc.mk
creating verconf.h
building rb_mjit_header.h
./miniruby -I./lib -I. -I.ext/common  ./tool/mjit_tabs.rb "" \
		gcc -E -DMJIT_HEADER -P -dD -O3 -I/opt/local/include -fno-common -pipe  -D_FORTIFY_SOURCE=2 -fstack-protector-strong -fno-strict-overflow -fvisibility=hidden -DRUBY_EXPORT -I. -I.ext/include/x86_64-darwin20 -I./include -I. -I./enc/unicode/12.1.0 -D_XOPEN_SOURCE -D_DARWIN_C_SOURCE -D_DARWIN_UNLIMITED_SELECT -D_REENTRANT    ./vm.c -o rb_mjit_header.h.new
verconf.h updated
compiling loadpath.c
linking static-library libruby.3.0-static.a
rb_mjit_header.h updated
building .ext/include/x86_64-darwin20/rb_mjit_min_header-3.0.0.h
./miniruby -I./lib -I. -I.ext/common  ./tool/transform_mjit_header.rb "gcc -fdeclspec  -O3 -I/opt/local/include -fno-common -pipe " rb_mjit_header.h .ext/include/x86_64-darwin20/rb_mjit_min_header-3.0.0.h
making srcs under enc
make[1]: Nothing to be done for `srcs'.
generating transdb.h
linking shared-library libruby.3.0.dylib
warning: no debug symbols in executable (-arch x86_64)
transdb.h updated
generating makefiles ext/configure-ext.mk
making enc
making trans
linking ruby
compiling ./enc/encdb.c
compiling ./enc/trans/transdb.c
ext/configure-ext.mk updated
compiling ./enc/big5.c
compiling ./enc/cesu_8.c
compiling ./enc/cp949.c
compiling ./enc/trans/big5.c
configuring cgi/escape
configuring bigdecimal
configuring continuation
configuring -test-/RUBY_ALIGNOF
warning: no debug symbols in executable (-arch x86_64)
compiling ./enc/trans/cesu_8.c
compiling ./enc/emacs_mule.c
compiling ./enc/trans/chinese.c
configuring coverage
configuring date
compiling ./enc/trans/ebcdic.c
configuring dbm
configuring digest
configuring digest/bubblebabble
configuring digest/md5
configuring etc
compiling ./enc/euc_jp.c
configuring fcntl
compiling ./enc/euc_kr.c
configuring fiber
configuring -test-/arith_seq/extract
configuring -test-/array/resize
configuring -test-/bignum
configuring -test-/bug-14834
configuring -test-/bug-3571
configuring -test-/bug-5832
configuring -test-/bug_reporter
configuring -test-/class
configuring -test-/cxxanyargs
configuring fiddle
compiling ./enc/trans/emoji.c
compiling ./enc/euc_tw.c
configuring digest/rmd160
configuring -test-/debug
configuring -test-/dln/empty
configuring -test-/enumerator_kw
configuring -test-/exception
configuring -test-/fatal
configuring -test-/file
compiling ./enc/gb2312.c
configuring digest/sha1
compiling ./enc/trans/emoji_iso2022_kddi.c
configuring digest/sha2
compiling ./enc/gb18030.c
configuring gdbm
compiling ./enc/gbk.c
compiling ./enc/trans/emoji_sjis_docomo.c
compiling ./enc/iso_8859_1.c
compiling ./enc/iso_8859_2.c
libffi_version: 3.4.2
compiling ./enc/iso_8859_3.c
transform_mjit_header: making external definition static inline: rb_vm_lvar_exposed, Init_vm_stack_canary, rb_vm_opt_cfunc_p, rb_find_defined_class_by_owner, rb_vm_rewrite_cref, rb_vm_block_ep_update, rb_vm_cref_new_toplevel, rb_vm_frame_block_handler, rb_vm_cframe_keyword_p, rb_vm_ep_local_ep
transform_mjit_header: making declaration static inline: rb_vm_lvar_exposed, Init_vm_stack_canary, rb_vm_rewrite_cref, rb_vm_frame_block_handler, rb_vm_block_ep_update, rb_vm_ep_local_ep
transform_mjit_header: SKIPPED to transform: __sigbits, isspecial, isrune, isphonogram, isnumber, isideogram, ishexnumber, digittoint, toupper, tolower, toascii, isxdigit, isupper, isspace, ispunct, isprint, islower, isgraph, isdigit, iscntrl, isblank, isalpha, isalnum, __wcwidth, __isctype, __istype, isascii, __sincospi, __sincospif, __sincos, __sincosf, __inline_isnormall, __inline_isnormald, __inline_isnormalf, __inline_signbitl, __inline_signbitd, __inline_signbitf, __inline_isnanl, __inline_isnand, __inline_isnanf, __inline_isinfl, __inline_isinfd, __inline_isinff, __inline_isfinitel, __inline_isfinited, __inline_isfinitef, __darwin_fd_clr, __darwin_fd_set, __darwin_fd_isset, __darwin_check_fd_set, __sputc
ln -sf ../../../.ext/include/x86_64-darwin20/rb_mjit_min_header-3.0.0.h include/ruby-3.0.0/x86_64-darwin20/rb_mjit_min_header-3.0.0.h
configuring io/console
compiling ./enc/iso_8859_4.c
making mjit_build_dir.dylib
compiling ./enc/trans/emoji_sjis_kddi.c
compiling ./enc/iso_8859_5.c
configuring json
configuring json/generator
configuring json/parser
compiling ./enc/trans/emoji_sjis_softbank.c
compiling ./enc/iso_8859_6.c
compiling ./enc/iso_8859_7.c
configuring monitor
compiling ./enc/iso_8859_8.c
compiling ./enc/trans/escape.c
compiling ./enc/iso_8859_9.c
configuring nkf
compiling ./enc/iso_8859_10.c
compiling ./enc/trans/gb18030.c
header: ndbm.h
library: libc
compiling ./enc/iso_8859_11.c
configuring -test-/float
configuring -test-/funcall
configuring -test-/gvl/call_without_gvl
configuring -test-/hash
configuring -test-/integer
configuring -test-/iseq_load
configuring -test-/iter
configuring -test-/load/dot.dot
configuring -test-/load/protect
compiling ./enc/trans/gbk.c
configuring -test-/marshal/compat
configuring -test-/marshal/internal_ivar
configuring -test-/marshal/usr
configuring -test-/memory_status
configuring -test-/memory_view
configuring -test-/method
configuring -test-/notimplement
configuring -test-/num2int
configuring -test-/path_to_class
configuring -test-/popen_deadlock
configuring -test-/postponed_job
compiling ./enc/iso_8859_13.c
configuring -test-/printf
configuring -test-/proc
configuring -test-/random
configuring -test-/rational
configuring -test-/rb_call_super_kw
configuring -test-/recursion
configuring -test-/regexp
configuring -test-/scan_args
configuring -test-/st/foreach
configuring -test-/st/numhash
configuring -test-/st/update
configuring -test-/string
compiling ./enc/trans/iso2022.c
configuring -test-/struct
configuring -test-/symbol
compiling ./enc/iso_8859_14.c
configuring objspace
compiling ./enc/trans/japanese.c
compiling ./enc/iso_8859_15.c
configuring openssl
compiling ./enc/iso_8859_16.c
configuring -test-/thread_fd_close
configuring -test-/time
configuring -test-/tracepoint
configuring -test-/typeddata
configuring -test-/vm
configuring -test-/wait_for_single_fd
configuring pathname
compiling ./enc/koi8_r.c
compiling ./enc/koi8_u.c
configuring io/nonblock
configuring psych
compiling ./enc/trans/japanese_euc.c
compiling ./enc/shift_jis.c
compiling ./enc/trans/japanese_sjis.c
configuring io/wait
compiling ./enc/utf_16be.c
compiling ./enc/trans/korean.c
compiling ./enc/utf_16le.c
compiling ./enc/utf_32be.c
configuring pty
compiling ./enc/utf_32le.c
configuring racc/cparse
configuring rbconfig/sizeof
compiling ./enc/windows_31j.c
compiling ./enc/windows_1250.c
configuring readline
configuring ripper
compiling ./enc/windows_1251.c
compiling ./enc/trans/single_byte.c
compiling ./enc/windows_1252.c
configuring rubyvm
compiling ./enc/trans/utf8_mac.c
compiling ./enc/windows_1253.c
compiling ./enc/trans/utf_16_32.c
configuring socket
compiling ./enc/windows_1254.c
compiling ./enc/windows_1257.c
linking encoding encdb.bundle
configuring stringio
configuring strscan
linking encoding big5.bundle
configuring syslog
linking encoding cesu_8.bundle
linking encoding cp949.bundle
linking encoding emacs_mule.bundle
linking encoding euc_jp.bundle
linking encoding euc_kr.bundle
linking transcoder transdb.bundle
linking encoding euc_tw.bundle
linking encoding gb2312.bundle
linking transcoder big5.bundle
linking encoding gb18030.bundle
linking transcoder cesu_8.bundle
linking encoding gbk.bundle
linking transcoder chinese.bundle
linking encoding iso_8859_1.bundle
linking transcoder ebcdic.bundle
linking encoding iso_8859_2.bundle
linking transcoder emoji.bundle
configuring zlib
linking encoding iso_8859_3.bundle
linking transcoder emoji_iso2022_kddi.bundle
linking encoding iso_8859_4.bundle
linking transcoder emoji_sjis_docomo.bundle
linking transcoder emoji_sjis_kddi.bundle
linking encoding iso_8859_5.bundle
linking transcoder emoji_sjis_softbank.bundle
linking transcoder escape.bundle
linking encoding iso_8859_6.bundle
linking transcoder gb18030.bundle
linking encoding iso_8859_7.bundle
linking transcoder gbk.bundle
linking transcoder iso2022.bundle
linking transcoder japanese.bundle
linking encoding iso_8859_8.bundle
linking transcoder japanese_euc.bundle
linking encoding iso_8859_9.bundle
linking transcoder japanese_sjis.bundle
linking encoding iso_8859_10.bundle
linking transcoder korean.bundle
linking encoding iso_8859_11.bundle
linking transcoder single_byte.bundle
linking encoding iso_8859_13.bundle
linking transcoder utf8_mac.bundle
linking transcoder utf_16_32.bundle
linking encoding iso_8859_14.bundle
linking encoding iso_8859_15.bundle
linking encoding iso_8859_16.bundle
linking encoding koi8_r.bundle
linking encoding koi8_u.bundle
linking encoding shift_jis.bundle
linking encoding utf_16be.bundle
linking encoding utf_16le.bundle
linking encoding utf_32be.bundle
linking encoding utf_32le.bundle
linking encoding windows_31j.bundle
linking encoding windows_1250.bundle
linking encoding windows_1251.bundle
linking encoding windows_1252.bundle
linking encoding windows_1253.bundle
linking encoding windows_1254.bundle
linking encoding windows_1257.bundle
making encs
make[1]: Nothing to be done for `encs'.
generating makefile exts.mk
exts.mk updated
compiling empty.c
compiling cxxanyargs.cpp
compiling c.c
compiling extract.c
compiling resize.c
compiling bug-14384.c
compiling bug.c
compiling bug.c
compiling bug_reporter.c
compiling class2name.c
compiling init.c
compiling big2str.c
linking shared-object -test-/dln/empty.bundle
compiling cpp.cpp
compiling inspector.c
compiling init.c
compiling bigzero.c
linking shared-object -test-/bug_5832.bundle
linking shared-object -test-/array/resize.bundle
linking shared-object -test-/bug_reporter.bundle
linking shared-object -test-/bug_14834.bundle
linking shared-object -test-/arith_seq/extract.bundle
linking shared-object -test-/bug_3571.bundle
compiling profile_frames.c
compiling div.c
compiling init.c
compiling enumerator_kw.c
compiling dataerror.c
compiling intpack.c
linking shared-object -test-/class.bundle
compiling rb_fatal.c
compiling fs.c
compiling init.c
linking shared-object -test-/debug.bundle
linking shared-object -test-/RUBY_ALIGNOF.bundle
compiling enc_raise.c
compiling funcall.c
linking shared-object -test-/fatal/rb_fatal.bundle
compiling mul.c
linking shared-object -test-/enumerator_kw.bundle
compiling init.c
compiling call_without_gvl.c
compiling nextafter.c
compiling ensured.c
compiling delete.c
compiling str2big.c
compiling core_ext.c
compiling iseq_load.c
compiling init.c
compiling stat.c
linking shared-object -test-/funcall.bundle
linking shared-object -test-/gvl/call_without_gvl.bundle
compiling break.c
linking shared-object -test-/float.bundle
linking shared-object -test-/cxxanyargs.bundle
compiling init.c
compiling init.c
compiling dot.dot.c
linking shared-object -test-/bignum.bundle
linking shared-object -test-/iseq_load.bundle
compiling protect.c
compiling my_integer.c
linking shared-object -test-/hash.bundle
linking shared-object -test-/load/dot.dot.bundle
compiling usrcompat.c
linking shared-object -test-/file.bundle
compiling init.c
compiling internal_ivar.c
compiling yield.c
linking shared-object -test-/exception.bundle
compiling usrmarshal.c
compiling memory_status.c
compiling memory_view.c
compiling arity.c
linking shared-object -test-/load/protect.bundle
compiling bug.c
compiling num2int.c
compiling path_to_class.c
linking shared-object -test-/marshal/compat.bundle
linking shared-object -test-/iter.bundle
linking shared-object -test-/marshal/internal_ivar.bundle
linking shared-object -test-/marshal/usr.bundle
compiling postponed_job.c
linking shared-object -test-/memory_status.bundle
compiling init.c
linking shared-object -test-/notimplement.bundle
compiling printf.c
compiling init.c
linking shared-object -test-/path_to_class.bundle
compiling init.c
compiling rat.c
compiling rb_call_super_kw.c
linking shared-object -test-/num2int.bundle
compiling loop.c
linking shared-object -test-/memory_view.bundle
linking shared-object -test-/method.bundle
linking shared-object -test-/integer.bundle
linking shared-object -test-/postponed_job.bundle
compiling recursion.c
compiling receiver.c
compiling init.c
compiling scan_args.c
compiling numhash.c
compiling foreach.c
compiling update.c
linking shared-object -test-/rb_call_super_kw.bundle
compiling super.c
linking shared-object -test-/random.bundle
linking shared-object -test-/printf.bundle
linking shared-object -test-/recursion.bundle
compiling parse_depth_limit.c
compiling capacity.c
compiling duplicate.c
compiling coderange.c
linking shared-object -test-/st/update.bundle
linking shared-object -test-/proc.bundle
compiling init.c
compiling thread_fd_close.c
linking shared-object -test-/st/foreach.bundle
linking shared-object -test-/st/numhash.bundle
linking shared-object -test-/regexp.bundle
compiling cstr.c
compiling type.c
compiling init.c
compiling ellipsize.c
compiling len.c
compiling init.c
compiling gc_hook.c
linking shared-object -test-/thread_fd_close.bundle
compiling member.c
compiling leap_second.c
linking shared-object -test-/scan_args.bundle
linking shared-object -test-/rational.bundle
compiling tracepoint.c
linking shared-object -test-/symbol.bundle
compiling enc_associate.c
compiling typeddata.c
compiling new.c
compiling at_exit.c
compiling enc_str_buf_cat.c
linking shared-object -test-/struct.bundle
compiling fstring.c
compiling wait_for_single_fd.c
compiling bigdecimal.c
compiling init.c
linking shared-object -test-/vm/at_exit.bundle
compiling compiling modify.c
escape.c
linking shared-object -test-/typeddata.bundle
linking shared-object -test-/tracepoint.bundle
compiling continuation.c
compiling coverage.c
compiling date_core.c
linking shared-object -test-/wait_for_single_fd.bundle
compiling new.c
compiling dbm.c
compiling digest.c
installing default coverage libraries
installing default bigdecimal libraries
linking shared-object continuation.bundle
compiling nofree.c
compiling date_parse.c
linking shared-object -test-/time.bundle
compiling etc.c
compiling normalize.c
compiling qsort.c
linking shared-object cgi/escape.bundle
compiling fcntl.c
compiling rb_interned_str.c
linking shared-object coverage.bundle
installing default digest libraries
compiling fiber.c
linking shared-object digest.bundle
compiling date_strftime.c
linking shared-object fcntl.bundle
compiling closure.c
linking shared-object fiber.bundle
installing digest libraries
compiling rb_str_dup.c
compiling set_len.c
compiling date_strptime.c
linking shared-object dbm.bundle
linking shared-object etc.bundle
compiling conversions.c
installing default date_core libraries
compiling gdbm.c
compiling compiling fiddle.c
console.c
linking shared-object -test-/string.bundle
compiling nonblock.c
compiling wait.c
compiling function.c
installing default console libraries
compiling monitor.c
linking shared-object io/nonblock.bundle
linking shared-object io/wait.bundle
compiling handle.c
installing default monitor libraries
compiling memory_view.c
compiling pinned.c
compiling nkf.c
linking shared-object monitor.bundle
compiling object_tracing.c
linking shared-object io/console.bundle
linking shared-object gdbm.bundle
compiling openssl_missing.c
compiling pathname.c
installing default nkf libraries
compiling ossl.c
compiling psych.c
installing default pathname libraries
compiling pty.c
compiling pointer.c
compiling cparse.c
compiling ossl_asn1.c
compiling objspace.c
compiling psych_emitter.c
installing default pty libraries
linking shared-object pty.bundle
compiling ossl_bio.c
compiling sizes.c
linking shared-object racc/cparse.bundle
linking shared-object fiddle.bundle
compiling psych_parser.c
compiling objspace_dump.c
compiling ossl_bn.c
installing default fiddle libraries
compiling limits.c
linking shared-object pathname.bundle
installing default objspace libraries
compiling psych_to_ruby.c
compiling ossl_cipher.c
compiling readline.c
compiling ossl_config.c
compiling psych_yaml_tree.c
linking shared-object rbconfig/sizeof.bundle
compiling ossl_digest.c
linking shared-object bigdecimal.bundle
compiling ripper.c
installing default libraries
compiling ossl_engine.c
compiling init.c
compiling ossl_hmac.c
linking shared-object objspace.bundle
compiling constants.c
checking ../.././parse.y and ../.././ext/ripper/eventids2.c
compiling stringio.c
linking shared-object readline.bundle
compiling basicsocket.c
linking shared-object psych.bundle
compiling strscan.c
compiling ossl_kdf.c
installing default ripper libraries
compiling syslog.c
compiling socket.c
compiling ossl_ns_spki.c
compiling zlib.c
compiling ossl_ocsp.c
linking shared-object syslog.bundle
installing default syslog libraries
compiling ipsocket.c
compiling ossl_pkcs12.c
linking shared-object strscan.bundle
compiling tcpsocket.c
compiling tcpserver.c
compiling ossl_pkcs7.c
linking shared-object stringio.bundle
compiling bubblebabble.c
compiling ossl_pkey.c
compiling md5init.c
compiling sockssocket.c
compiling ossl_pkey_dh.c
linking shared-object digest/bubblebabble.bundle
compiling md5.c
compiling rmd160init.c
compiling udpsocket.c
compiling ossl_pkey_dsa.c
compiling sha1init.c
linking shared-object nkf.bundle
compiling rmd160.c
linking shared-object digest/md5.bundle
compiling unixsocket.c
compiling ossl_pkey_ec.c
compiling sha1.c
compiling sha2init.c
compiling ossl_pkey_rsa.c
compiling unixserver.c
compiling sha2.c
compiling option.c
linking shared-object digest/rmd160.bundle
compiling generator.c
compiling ancdata.c
installing default sha2 libraries
compiling ossl_rand.c
linking shared-object digest/sha1.bundle
compiling parser.c
linking shared-object zlib.bundle
compiling ossl_ssl.c
linking shared-object digest/sha2.bundle
compiling raddrinfo.c
compiling ossl_ssl_session.c
compiling ifaddr.c
compiling ossl_ts.c
compiling ossl_x509.c
compiling ossl_x509attr.c
compiling ossl_x509cert.c
linking shared-object date_core.bundle
linking shared-object json/ext/parser.bundle
compiling ossl_x509crl.c
compiling ossl_x509ext.c
compiling ossl_x509name.c
compiling ossl_x509req.c
compiling ossl_x509revoked.c
linking shared-object json/ext/generator.bundle
compiling ossl_x509store.c
installing default openssl libraries
linking shared-object socket.bundle
linking shared-object openssl.bundle
linking shared-object ripper.bundle
./revision.h unchanged
make[1]: Nothing to be done for `note'.
