[2021-09-16 23:44:01] __rvm_package_extract
__rvm_package_extract () 
{ 
    rvm_debug __rvm_package_extract:$#: "$@";
    \typeset __extract_src __extract_target __tempdir __path __file __return;
    __extract_src="$1";
    __extract_target="$2";
    shift 2;
    __return=0;
    __tempdir="$( TMPDIR="${rvm_tmp_path}" mktemp -d -t rvm-tmp.XXXXXXXXX )";
    __rvm_package_extract_run "$__extract_src" "$__tempdir" "$@" || __return=$?;
    if (( __return == 0 )); then
        for __path in "$__tempdir"/*;
        do
            __file="${__path##*/}";
            if [[ -n "${__file}" && -e "$__extract_target/${__file}" ]]; then
                \command \rm -rf "$__extract_target/${__file}" || __return=$?;
            fi;
            \command \mv -f "${__path}" "$__extract_target/" || __return=$?;
        done;
    fi;
    if [[ -n "$__tempdir" ]]; then
        \command \rm -rf "$__tempdir";
    fi;
    return $__return
}
current path: /Users/jjbiggins/.rvm/src
GEM_PATH=/Users/jjbiggins/.rvm/gems/ruby-3.0.0:/Users/jjbiggins/.rvm/gems/ruby-3.0.0@global
GEM_HOME=/Users/jjbiggins/.rvm/gems/ruby-3.0.0
PATH=/opt/local/bin:/Users/jjbiggins/.rvm/gems/ruby-3.0.0/bin:/Users/jjbiggins/.rvm/gems/ruby-3.0.0@global/bin:/Users/jjbiggins/.rvm/rubies/ruby-3.0.0/bin:/Volumes/mnt/bin:/Users/jjbiggins/bin:/Users/jjbiggins/bin:/Library/Frameworks/Python.framework/Versions/3.9/bin/python3:/Library/Frameworks/Python.framework/Versions/3.9/bin:/Library/Java/JavaVirtualMachines/jdk-11.0.11.jdk/Contents/Home/bin:/opt/gradle/gradle-7.1.1/bin:/usr/local/apache-ant-latest/bin:/usr/local/apache-maven-latest/bin:/Library/PostgreSQL/13/bin:/opt/local/sbin:/usr/local/bin:/usr/bin:/bin:/usr/sbin:/sbin:/Library/TeX/texbin:/usr/local/share/dotnet:/usr/local/zfs/bin:/opt/X11/bin:~/.dotnet/tools:/Applications/Server.app/Contents/ServerRoot/usr/bin:/Applications/Server.app/Contents/ServerRoot/usr/sbin:/Library/Apple/usr/bin:/Library/Frameworks/Mono.framework/Versions/Current/Commands:/Applications/Wireshark.app/Contents/MacOS:/Users/jjbiggins/.rvm/bin:/Users/jjbiggins/.rvm/bin
command(3): __rvm_package_extract /Users/jjbiggins/.rvm/archives/ruby-3.0.2.tar.gz /Users/jjbiggins/.rvm/tmp/rvm_src_34972
++ rvm_debug __rvm_package_extract:2: /Users/jjbiggins/.rvm/archives/ruby-3.0.2.tar.gz /Users/jjbiggins/.rvm/tmp/rvm_src_34972
++ ((  0  ))
++ return 0
++ typeset __extract_src __extract_target __tempdir __path __file __return
++ __extract_src=/Users/jjbiggins/.rvm/archives/ruby-3.0.2.tar.gz
++ __extract_target=/Users/jjbiggins/.rvm/tmp/rvm_src_34972
++ shift 2
++ __return=0
+++ TMPDIR=/Users/jjbiggins/.rvm/tmp
+++ /opt/local/bin/gmktemp -d -t rvm-tmp.XXXXXXXXX
++ __tempdir=/Users/jjbiggins/.rvm/tmp/rvm-tmp.BwYfnd4In
++ __rvm_package_extract_run /Users/jjbiggins/.rvm/archives/ruby-3.0.2.tar.gz /Users/jjbiggins/.rvm/tmp/rvm-tmp.BwYfnd4In
++ typeset __extract_run_src __extract_run_target __exclude_elements
++ __extract_run_src=/Users/jjbiggins/.rvm/archives/ruby-3.0.2.tar.gz
++ __extract_run_target=/Users/jjbiggins/.rvm/tmp/rvm-tmp.BwYfnd4In
++ shift 2
++ __exclude_elements=()
++ [[    != *\ \-\-\n\o\-\s\a\m\e\-\o\w\n\e\r\ * ]]
++ __rvm_tar --help
++ __rvm_grep -- --no-same-owner
++ GREP_OPTIONS=
++ command grep -- --no-same-owner
++ return 1
++ [[ -d /Users/jjbiggins/.rvm/tmp/rvm-tmp.BwYfnd4In ]]
++ case "$__extract_run_src" in
++ __map_tar_excludes
++ typeset __exclude_element
++ [[ -n '' ]]
++ __rvm_tar -xzf /Users/jjbiggins/.rvm/archives/ruby-3.0.2.tar.gz -C /Users/jjbiggins/.rvm/tmp/rvm-tmp.BwYfnd4In
++ tar -xzf /Users/jjbiggins/.rvm/archives/ruby-3.0.2.tar.gz -C /Users/jjbiggins/.rvm/tmp/rvm-tmp.BwYfnd4In
