2021-05-01 08:55:05,534 ERROR    root            (gcloud) Command name argument expected.
2021-05-01 08:55:05,535 DEBUG    root            No implementation for release track [GA] for element: [/opt/local/libexec/google-cloud-sdk/lib/surface/blueprints]
2021-05-01 08:55:05,536 DEBUG    root            No implementation for release track [GA] for element: [/opt/local/libexec/google-cloud-sdk/lib/surface/media]
2021-05-01 08:55:05,537 DEBUG    root            Loaded Command Group: ['gcloud', 'monitoring']
2021-05-01 08:55:05,539 DEBUG    root            Loaded Command Group: ['gcloud', 'anthos']
2021-05-01 08:55:05,541 DEBUG    root            Loaded Command Group: ['gcloud', 'dns']
2021-05-01 08:55:05,544 DEBUG    root            No implementation for release track [GA] for element: [/opt/local/libexec/google-cloud-sdk/lib/surface/edge_cache]
2021-05-01 08:55:05,545 DEBUG    root            Loaded Command Group: ['gcloud', 'bigtable']
2021-05-01 08:55:05,586 DEBUG    root            Loaded Command Group: ['gcloud', 'api_gateway']
2021-05-01 08:55:05,588 DEBUG    root            Loaded Command Group: ['gcloud', 'scheduler']
2021-05-01 08:55:05,590 DEBUG    root            Loaded Command Group: ['gcloud', 'source']
2021-05-01 08:55:05,592 DEBUG    root            Loaded Command Group: ['gcloud', 'network_management']
2021-05-01 08:55:05,593 DEBUG    root            Loaded Command Group: ['gcloud', 'org_policies']
2021-05-01 08:55:05,596 DEBUG    root            Loaded Command Group: ['gcloud', 'workspace_add_ons']
2021-05-01 08:55:05,598 DEBUG    root            Loaded Command Group: ['gcloud', 'dataproc']
2021-05-01 08:55:05,601 DEBUG    root            No implementation for release track [GA] for element: [/opt/local/libexec/google-cloud-sdk/lib/surface/network_security]
2021-05-01 08:55:05,602 DEBUG    root            No implementation for release track [GA] for element: [/opt/local/libexec/google-cloud-sdk/lib/surface/network_services]
2021-05-01 08:55:05,604 DEBUG    root            No implementation for release track [GA] for element: [/opt/local/libexec/google-cloud-sdk/lib/surface/web_security_scanner]
2021-05-01 08:55:05,605 DEBUG    root            No implementation for release track [GA] for element: [/opt/local/libexec/google-cloud-sdk/lib/surface/genomics]
2021-05-01 08:55:05,607 DEBUG    root            No implementation for release track [GA] for element: [/opt/local/libexec/google-cloud-sdk/lib/surface/resource_config]
2021-05-01 08:55:05,608 DEBUG    root            Loaded Command Group: ['gcloud', 'scc']
2021-05-01 08:55:05,612 DEBUG    root            Loaded Command Group: ['gcloud', 'active_directory']
2021-05-01 08:55:05,614 DEBUG    root            Loaded Command Group: ['gcloud', 'kms']
2021-05-01 08:55:05,618 DEBUG    root            No implementation for release track [GA] for element: [/opt/local/libexec/google-cloud-sdk/lib/surface/certificate_manager]
2021-05-01 08:55:05,630 DEBUG    root            Loaded Command Group: ['gcloud', 'survey']
2021-05-01 08:55:05,633 DEBUG    root            Loaded Command Group: ['gcloud', 'iot']
2021-05-01 08:55:05,636 DEBUG    root            Loaded Command Group: ['gcloud', 'version']
2021-05-01 08:55:05,638 DEBUG    root            Loaded Command Group: ['gcloud', 'memcache']
2021-05-01 08:55:05,640 DEBUG    root            No implementation for release track [GA] for element: [/opt/local/libexec/google-cloud-sdk/lib/surface/commerce_procurement]
2021-05-01 08:55:05,642 DEBUG    root            Loaded Command Group: ['gcloud', 'ml']
2021-05-01 08:55:05,648 DEBUG    root            Loaded Command Group: ['gcloud', 'config']
2021-05-01 08:55:05,651 DEBUG    root            Loaded Command Group: ['gcloud', 'cheat_sheet']
2021-05-01 08:55:05,653 DEBUG    root            Loaded Command Group: ['gcloud', 'notebooks']
2021-05-01 08:55:05,655 DEBUG    root            Loaded Command Group: ['gcloud', 'cloud_shell']
2021-05-01 08:55:05,666 DEBUG    root            Loaded Command Group: ['gcloud', 'docker']
2021-05-01 08:55:05,668 DEBUG    root            Loaded Command Group: ['gcloud', 'meta']
2021-05-01 08:55:05,672 DEBUG    root            No implementation for release track [GA] for element: [/opt/local/libexec/google-cloud-sdk/lib/surface/trace]
2021-05-01 08:55:05,674 DEBUG    root            No implementation for release track [GA] for element: [/opt/local/libexec/google-cloud-sdk/lib/surface/data_fusion]
2021-05-01 08:55:05,675 DEBUG    root            Loaded Command Group: ['gcloud', 'database_migration']
2021-05-01 08:55:05,678 DEBUG    root            No implementation for release track [GA] for element: [/opt/local/libexec/google-cloud-sdk/lib/surface/storage]
2021-05-01 08:55:05,680 DEBUG    root            Loaded Command Group: ['gcloud', 'secrets']
2021-05-01 08:55:05,684 DEBUG    root            No implementation for release track [GA] for element: [/opt/local/libexec/google-cloud-sdk/lib/surface/error_reporting]
2021-05-01 08:55:05,686 DEBUG    root            No implementation for release track [GA] for element: [/opt/local/libexec/google-cloud-sdk/lib/surface/remote_build_execution]
2021-05-01 08:55:05,687 DEBUG    root            No implementation for release track [GA] for element: [/opt/local/libexec/google-cloud-sdk/lib/surface/lifesciences]
2021-05-01 08:55:05,689 DEBUG    root            Loaded Command Group: ['gcloud', 'filestore']
2021-05-01 08:55:05,692 DEBUG    root            Loaded Command Group: ['gcloud', 'components']
2021-05-01 08:55:05,695 DEBUG    root            Loaded Command Group: ['gcloud', 'access_context_manager']
2021-05-01 08:55:05,699 DEBUG    root            Loaded Command Group: ['gcloud', 'pubsub']
2021-05-01 08:55:05,702 DEBUG    root            No implementation for release track [GA] for element: [/opt/local/libexec/google-cloud-sdk/lib/surface/bq]
2021-05-01 08:55:05,704 DEBUG    root            Loaded Command Group: ['gcloud', 'billing']
2021-05-01 08:55:05,707 DEBUG    root            Loaded Command Group: ['gcloud', 'domains']
2021-05-01 08:55:05,710 DEBUG    root            Loaded Command Group: ['gcloud', 'data_catalog']
2021-05-01 08:55:05,714 DEBUG    root            Loaded Command Group: ['gcloud', 'resource_settings']
2021-05-01 08:55:05,717 DEBUG    root            Loaded Command Group: ['gcloud', 'datastore']
2021-05-01 08:55:05,720 DEBUG    root            No implementation for release track [GA] for element: [/opt/local/libexec/google-cloud-sdk/lib/surface/dialogflow]
2021-05-01 08:55:05,764 DEBUG    root            Loaded Command Group: ['gcloud', 'container']
2021-05-01 08:55:05,769 DEBUG    root            Loaded Command Group: ['gcloud', 'ai']
2021-05-01 08:55:05,773 DEBUG    root            Loaded Command Group: ['gcloud', 'iam']
2021-05-01 08:55:05,778 DEBUG    root            Loaded Command Group: ['gcloud', 'eventarc']
2021-05-01 08:55:05,781 DEBUG    root            Loaded Command Group: ['gcloud', 'dataflow']
2021-05-01 08:55:05,784 DEBUG    root            Loaded Command Group: ['gcloud', 'policy_troubleshoot']
2021-05-01 08:55:05,786 DEBUG    root            No implementation for release track [GA] for element: [/opt/local/libexec/google-cloud-sdk/lib/surface/dlp]
2021-05-01 08:55:05,788 DEBUG    root            No implementation for release track [GA] for element: [/opt/local/libexec/google-cloud-sdk/lib/surface/essential_contacts]
2021-05-01 08:55:05,789 DEBUG    root            Loaded Command Group: ['gcloud', 'firebase']
2021-05-01 08:55:06,030 DEBUG    root            Loaded Command Group: ['gcloud', 'feedback']
2021-05-01 08:55:06,033 DEBUG    root            Loaded Command Group: ['gcloud', 'services']
2021-05-01 08:55:06,049 DEBUG    root            No implementation for release track [GA] for element: [/opt/local/libexec/google-cloud-sdk/lib/surface/kuberun]
2021-05-01 08:55:06,051 DEBUG    root            Loaded Command Group: ['gcloud', 'logging']
2021-05-01 08:55:06,140 DEBUG    root            Loaded Command Group: ['gcloud', 'auth']
2021-05-01 08:55:06,193 DEBUG    root            Loaded Command Group: ['gcloud', 'ai_platform']
2021-05-01 08:55:06,224 DEBUG    root            Loaded Command Group: ['gcloud', 'firestore']
2021-05-01 08:55:06,258 DEBUG    root            Loaded Command Group: ['gcloud', 'spanner']
2021-05-01 08:55:06,293 DEBUG    root            Loaded Command Group: ['gcloud', 'identity']
2021-05-01 08:55:06,579 DEBUG    root            Loaded Command Group: ['gcloud', 'builds']
2021-05-01 08:55:06,583 DEBUG    root            Loaded Command Group: ['gcloud', 'run']
2021-05-01 08:55:06,824 DEBUG    root            No implementation for release track [GA] for element: [/opt/local/libexec/google-cloud-sdk/lib/surface/interactive]
2021-05-01 08:55:06,825 DEBUG    root            No implementation for release track [GA] for element: [/opt/local/libexec/google-cloud-sdk/lib/surface/privateca]
2021-05-01 08:55:06,826 DEBUG    root            Loaded Command Group: ['gcloud', 'assured']
2021-05-01 08:55:06,901 DEBUG    root            No implementation for release track [GA] for element: [/opt/local/libexec/google-cloud-sdk/lib/surface/events]
2021-05-01 08:55:06,902 DEBUG    root            No implementation for release track [GA] for element: [/opt/local/libexec/google-cloud-sdk/lib/surface/vmware]
2021-05-01 08:55:06,903 DEBUG    root            Loaded Command Group: ['gcloud', 'composer']
2021-05-01 08:55:06,905 DEBUG    root            No implementation for release track [GA] for element: [/opt/local/libexec/google-cloud-sdk/lib/surface/transcoder]
2021-05-01 08:55:06,924 DEBUG    root            Loaded Command Group: ['gcloud', 'init']
2021-05-01 08:55:06,926 DEBUG    root            Loaded Command Group: ['gcloud', 'healthcare']
2021-05-01 08:55:06,928 DEBUG    root            Loaded Command Group: ['gcloud', 'ml_engine']
2021-05-01 08:55:06,933 DEBUG    root            Loaded Command Group: ['gcloud', 'functions']
2021-05-01 08:55:06,935 DEBUG    root            Loaded Command Group: ['gcloud', 'iap']
2021-05-01 08:55:06,937 DEBUG    root            Loaded Command Group: ['gcloud', 'deployment_manager']
2021-05-01 08:55:06,940 DEBUG    root            Loaded Command Group: ['gcloud', 'tasks']
2021-05-01 08:55:06,943 DEBUG    root            No implementation for release track [GA] for element: [/opt/local/libexec/google-cloud-sdk/lib/surface/publicca]
2021-05-01 08:55:06,944 DEBUG    root            No implementation for release track [GA] for element: [/opt/local/libexec/google-cloud-sdk/lib/surface/access_approval]
2021-05-01 08:55:06,946 DEBUG    root            Loaded Command Group: ['gcloud', 'service_directory']
2021-05-01 08:55:06,948 DEBUG    root            Loaded Command Group: ['gcloud', 'organizations']
2021-05-01 08:55:06,951 DEBUG    root            Loaded Command Group: ['gcloud', 'emulators']
2021-05-01 08:55:06,954 DEBUG    root            No implementation for release track [GA] for element: [/opt/local/libexec/google-cloud-sdk/lib/surface/alloydb]
2021-05-01 08:55:06,955 DEBUG    root            No implementation for release track [GA] for element: [/opt/local/libexec/google-cloud-sdk/lib/surface/network_connectivity]
2021-05-01 08:55:06,956 DEBUG    root            Loaded Command Group: ['gcloud', 'workflows']
2021-05-01 08:55:06,961 DEBUG    root            Loaded Command Group: ['gcloud', 'debug']
2021-05-01 08:55:06,964 DEBUG    root            No implementation for release track [GA] for element: [/opt/local/libexec/google-cloud-sdk/lib/surface/recaptcha]
2021-05-01 08:55:06,965 DEBUG    root            No implementation for release track [GA] for element: [/opt/local/libexec/google-cloud-sdk/lib/surface/edge_container]
2021-05-01 08:55:06,966 DEBUG    root            Loaded Command Group: ['gcloud', 'asset']
2021-05-01 08:55:06,972 DEBUG    root            No implementation for release track [GA] for element: [/opt/local/libexec/google-cloud-sdk/lib/surface/code]
2021-05-01 08:55:06,973 DEBUG    root            Loaded Command Group: ['gcloud', 'sql']
2021-05-01 08:55:06,976 DEBUG    root            No implementation for release track [GA] for element: [/opt/local/libexec/google-cloud-sdk/lib/surface/admin_service_cluster]
2021-05-01 08:55:06,977 DEBUG    root            Loaded Command Group: ['gcloud', 'app']
2021-05-01 08:55:06,981 DEBUG    root            Loaded Command Group: ['gcloud', 'game']
2021-05-01 08:55:06,983 DEBUG    root            Loaded Command Group: ['gcloud', 'recommender']
2021-05-01 08:55:06,984 DEBUG    root            No implementation for release track [GA] for element: [/opt/local/libexec/google-cloud-sdk/lib/surface/deploy]
2021-05-01 08:55:06,985 DEBUG    root            Loaded Command Group: ['gcloud', 'endpoints']
2021-05-01 08:55:06,987 DEBUG    root            Loaded Command Group: ['gcloud', 'artifacts']
2021-05-01 08:55:06,990 DEBUG    root            No implementation for release track [GA] for element: [/opt/local/libexec/google-cloud-sdk/lib/surface/labelmanager]
2021-05-01 08:55:06,992 DEBUG    root            Loaded Command Group: ['gcloud', 'info']
2021-05-01 08:55:06,994 DEBUG    root            Loaded Command Group: ['gcloud', 'apigee']
2021-05-01 08:55:06,998 DEBUG    root            Loaded Command Group: ['gcloud', 'redis']
2021-05-01 08:55:07,008 DEBUG    root            Loaded Command Group: ['gcloud', 'help']
2021-05-01 08:55:07,010 DEBUG    root            Loaded Command Group: ['gcloud', 'projects']
2021-05-01 08:55:07,012 DEBUG    root            Loaded Command Group: ['gcloud', 'resource_manager']
2021-05-01 08:55:07,015 DEBUG    root            No implementation for release track [GA] for element: [/opt/local/libexec/google-cloud-sdk/lib/surface/runtime_config]
2021-05-01 08:55:07,016 DEBUG    root            Loaded Command Group: ['gcloud', 'metastore']
2021-05-01 08:55:07,018 DEBUG    root            Loaded Command Group: ['gcloud', 'topic']
2021-05-01 08:55:07,132 DEBUG    root            Loaded Command Group: ['gcloud', 'compute']
