have_func: checking for rb_enc_raise() in ruby.h... -------------------- yes

"gcc -fdeclspec -o conftest -I../../../.ext/include/x86_64-darwin20 -I../../.././include -I../../.././ext/json/parser -D_XOPEN_SOURCE -D_DARWIN_C_SOURCE -D_DARWIN_UNLIMITED_SELECT -D_REENTRANT   -O3 -I/opt/local/include -fno-common -pipe conftest.c  -L. -L../../.. -L. -L/opt/local/lib -fstack-protector-strong -L/usr/local/lib     -lruby.3.0-static -framework Security -framework Foundation -lpthread -lgmp -ldl -lobjc   "
checked program was:
/* begin */
1: #include "ruby.h"
2: 
3: int main(int argc, char **argv)
4: {
5:   return !!argv[argc];
6: }
/* end */

"gcc -fdeclspec -o conftest -I../../../.ext/include/x86_64-darwin20 -I../../.././include -I../../.././ext/json/parser -D_XOPEN_SOURCE -D_DARWIN_C_SOURCE -D_DARWIN_UNLIMITED_SELECT -D_REENTRANT   -O3 -I/opt/local/include -fno-common -pipe conftest.c  -L. -L../../.. -L. -L/opt/local/lib -fstack-protector-strong -L/usr/local/lib     -lruby.3.0-static -framework Security -framework Foundation -lpthread -lgmp -ldl -lobjc   "
conftest.c:16:57: error: use of undeclared identifier 'rb_enc_raise'
int t(void) { void ((*volatile p)()); p = (void ((*)()))rb_enc_raise; return !p; }
                                                        ^
1 error generated.
checked program was:
/* begin */
 1: #include "ruby.h"
 2: 
 3: #include <ruby.h>
 4: 
 5: /*top*/
 6: extern int t(void);
 7: int main(int argc, char **argv)
 8: {
 9:   if (argc > 1000000) {
10:     int (* volatile tp)(void)=(int (*)(void))&t;
11:     printf("%d", (*tp)());
12:   }
13: 
14:   return !!argv[argc];
15: }
16: int t(void) { void ((*volatile p)()); p = (void ((*)()))rb_enc_raise; return !p; }
/* end */

"gcc -fdeclspec -o conftest -I../../../.ext/include/x86_64-darwin20 -I../../.././include -I../../.././ext/json/parser -D_XOPEN_SOURCE -D_DARWIN_C_SOURCE -D_DARWIN_UNLIMITED_SELECT -D_REENTRANT   -O3 -I/opt/local/include -fno-common -pipe conftest.c  -L. -L../../.. -L. -L/opt/local/lib -fstack-protector-strong -L/usr/local/lib     -lruby.3.0-static -framework Security -framework Foundation -lpthread -lgmp -ldl -lobjc   "
checked program was:
/* begin */
 1: #include "ruby.h"
 2: 
 3: #include <ruby.h>
 4: 
 5: /*top*/
 6: extern int t(void);
 7: int main(int argc, char **argv)
 8: {
 9:   if (argc > 1000000) {
10:     int (* volatile tp)(void)=(int (*)(void))&t;
11:     printf("%d", (*tp)());
12:   }
13: 
14:   return !!argv[argc];
15: }
16: extern void rb_enc_raise();
17: int t(void) { rb_enc_raise(); return 0; }
/* end */

--------------------

extconf.h is:
/* begin */
1: #ifndef EXTCONF_H
2: #define EXTCONF_H
3: #define HAVE_RB_ENC_RAISE 1
4: #endif
/* end */

