2021-04-24 11:24:03,668 ERROR    root            (gcloud) Command name argument expected.
2021-04-24 11:24:03,669 DEBUG    root            Loaded Command Group: ['gcloud', 'topic']
2021-04-24 11:24:03,673 DEBUG    root            Loaded Command Group: ['gcloud', 'functions']
2021-04-24 11:24:03,676 DEBUG    root            No implementation for release track [GA] for element: [/opt/local/libexec/google-cloud-sdk/lib/surface/edge_cache]
2021-04-24 11:24:03,718 DEBUG    root            Loaded Command Group: ['gcloud', 'container']
2021-04-24 11:24:03,723 DEBUG    root            Loaded Command Group: ['gcloud', 'organizations']
2021-04-24 11:24:03,725 DEBUG    root            Loaded Command Group: ['gcloud', 'endpoints']
2021-04-24 11:24:03,728 DEBUG    root            Loaded Command Group: ['gcloud', 'secrets']
2021-04-24 11:24:03,732 DEBUG    root            No implementation for release track [GA] for element: [/opt/local/libexec/google-cloud-sdk/lib/surface/data_fusion]
2021-04-24 11:24:03,733 DEBUG    root            No implementation for release track [GA] for element: [/opt/local/libexec/google-cloud-sdk/lib/surface/resource_config]
2021-04-24 11:24:03,746 DEBUG    root            Loaded Command Group: ['gcloud', 'feedback']
2021-04-24 11:24:03,864 DEBUG    root            Loaded Command Group: ['gcloud', 'compute']
2021-04-24 11:24:03,906 DEBUG    root            Loaded Command Group: ['gcloud', 'init']
2021-04-24 11:24:03,925 DEBUG    root            Loaded Command Group: ['gcloud', 'help']
2021-04-24 11:24:03,928 DEBUG    root            Loaded Command Group: ['gcloud', 'components']
2021-04-24 11:24:03,932 DEBUG    root            No implementation for release track [GA] for element: [/opt/local/libexec/google-cloud-sdk/lib/surface/alloydb]
2021-04-24 11:24:03,934 DEBUG    root            No implementation for release track [GA] for element: [/opt/local/libexec/google-cloud-sdk/lib/surface/deploy]
2021-04-24 11:24:03,936 DEBUG    root            Loaded Command Group: ['gcloud', 'projects']
2021-04-24 11:24:03,939 DEBUG    root            Loaded Command Group: ['gcloud', 'workflows']
2021-04-24 11:24:03,942 DEBUG    root            Loaded Command Group: ['gcloud', 'asset']
2021-04-24 11:24:03,945 DEBUG    root            Loaded Command Group: ['gcloud', 'app']
2021-04-24 11:24:03,961 DEBUG    root            Loaded Command Group: ['gcloud', 'survey']
2021-04-24 11:24:03,963 DEBUG    root            No implementation for release track [GA] for element: [/opt/local/libexec/google-cloud-sdk/lib/surface/remote_build_execution]
2021-04-24 11:24:03,965 DEBUG    root            Loaded Command Group: ['gcloud', 'logging']
2021-04-24 11:24:03,968 DEBUG    root            Loaded Command Group: ['gcloud', 'service_directory']
2021-04-24 11:24:04,021 DEBUG    root            Loaded Command Group: ['gcloud', 'ai_platform']
2021-04-24 11:24:04,029 DEBUG    root            No implementation for release track [GA] for element: [/opt/local/libexec/google-cloud-sdk/lib/surface/code]
2021-04-24 11:24:04,031 DEBUG    root            Loaded Command Group: ['gcloud', 'emulators']
2021-04-24 11:24:04,034 DEBUG    root            Loaded Command Group: ['gcloud', 'cloud_shell']
2021-04-24 11:24:04,036 DEBUG    root            Loaded Command Group: ['gcloud', 'metastore']
2021-04-24 11:24:04,039 DEBUG    root            No implementation for release track [GA] for element: [/opt/local/libexec/google-cloud-sdk/lib/surface/dialogflow]
2021-04-24 11:24:04,040 DEBUG    root            Loaded Command Group: ['gcloud', 'policy_troubleshoot']
2021-04-24 11:24:04,043 DEBUG    root            No implementation for release track [GA] for element: [/opt/local/libexec/google-cloud-sdk/lib/surface/bq]
2021-04-24 11:24:04,044 DEBUG    root            Loaded Command Group: ['gcloud', 'resource_manager']
2021-04-24 11:24:04,048 DEBUG    root            Loaded Command Group: ['gcloud', 'artifacts']
2021-04-24 11:24:04,052 DEBUG    root            No implementation for release track [GA] for element: [/opt/local/libexec/google-cloud-sdk/lib/surface/publicca]
2021-04-24 11:24:04,053 DEBUG    root            Loaded Command Group: ['gcloud', 'pubsub']
2021-04-24 11:24:04,056 DEBUG    root            No implementation for release track [GA] for element: [/opt/local/libexec/google-cloud-sdk/lib/surface/network_connectivity]
2021-04-24 11:24:04,058 DEBUG    root            No implementation for release track [GA] for element: [/opt/local/libexec/google-cloud-sdk/lib/surface/storage]
2021-04-24 11:24:04,059 DEBUG    root            Loaded Command Group: ['gcloud', 'recommender']
2021-04-24 11:24:04,062 DEBUG    root            Loaded Command Group: ['gcloud', 'database_migration']
2021-04-24 11:24:04,065 DEBUG    root            Loaded Command Group: ['gcloud', 'services']
2021-04-24 11:24:04,069 DEBUG    root            Loaded Command Group: ['gcloud', 'game']
2021-04-24 11:24:04,072 DEBUG    root            Loaded Command Group: ['gcloud', 'apigee']
2021-04-24 11:24:04,145 DEBUG    root            No implementation for release track [GA] for element: [/opt/local/libexec/google-cloud-sdk/lib/surface/events]
2021-04-24 11:24:04,148 DEBUG    root            Loaded Command Group: ['gcloud', 'info']
2021-04-24 11:24:04,150 DEBUG    root            Loaded Command Group: ['gcloud', 'memcache']
2021-04-24 11:24:04,152 DEBUG    root            No implementation for release track [GA] for element: [/opt/local/libexec/google-cloud-sdk/lib/surface/network_security]
2021-04-24 11:24:04,153 DEBUG    root            No implementation for release track [GA] for element: [/opt/local/libexec/google-cloud-sdk/lib/surface/media]
2021-04-24 11:24:04,154 DEBUG    root            Loaded Command Group: ['gcloud', 'eventarc']
2021-04-24 11:24:04,156 DEBUG    root            Loaded Command Group: ['gcloud', 'datastore']
2021-04-24 11:24:04,158 DEBUG    root            Loaded Command Group: ['gcloud', 'scc']
2021-04-24 11:24:04,160 DEBUG    root            Loaded Command Group: ['gcloud', 'firestore']
2021-04-24 11:24:04,162 DEBUG    root            Loaded Command Group: ['gcloud', 'deployment_manager']
2021-04-24 11:24:04,165 DEBUG    root            Loaded Command Group: ['gcloud', 'sql']
2021-04-24 11:24:04,168 DEBUG    root            Loaded Command Group: ['gcloud', 'monitoring']
2021-04-24 11:24:04,172 DEBUG    root            Loaded Command Group: ['gcloud', 'debug']
2021-04-24 11:24:04,174 DEBUG    root            No implementation for release track [GA] for element: [/opt/local/libexec/google-cloud-sdk/lib/surface/web_security_scanner]
2021-04-24 11:24:04,174 DEBUG    root            Loaded Command Group: ['gcloud', 'api_gateway']
2021-04-24 11:24:04,176 DEBUG    root            Loaded Command Group: ['gcloud', 'data_catalog']
2021-04-24 11:24:04,179 DEBUG    root            No implementation for release track [GA] for element: [/opt/local/libexec/google-cloud-sdk/lib/surface/commerce_procurement]
2021-04-24 11:24:04,180 DEBUG    root            Loaded Command Group: ['gcloud', 'auth']
2021-04-24 11:24:04,182 DEBUG    root            Loaded Command Group: ['gcloud', 'iam']
2021-04-24 11:24:04,185 DEBUG    root            No implementation for release track [GA] for element: [/opt/local/libexec/google-cloud-sdk/lib/surface/genomics]
2021-04-24 11:24:04,186 DEBUG    root            No implementation for release track [GA] for element: [/opt/local/libexec/google-cloud-sdk/lib/surface/vmware]
2021-04-24 11:24:04,187 DEBUG    root            Loaded Command Group: ['gcloud', 'org_policies']
2021-04-24 11:24:04,189 DEBUG    root            Loaded Command Group: ['gcloud', 'access_context_manager']
2021-04-24 11:24:04,191 DEBUG    root            Loaded Command Group: ['gcloud', 'composer']
2021-04-24 11:24:04,436 DEBUG    root            No implementation for release track [GA] for element: [/opt/local/libexec/google-cloud-sdk/lib/surface/interactive]
2021-04-24 11:24:04,437 DEBUG    root            Loaded Command Group: ['gcloud', 'firebase']
2021-04-24 11:24:04,440 DEBUG    root            Loaded Command Group: ['gcloud', 'redis']
2021-04-24 11:24:04,442 DEBUG    root            No implementation for release track [GA] for element: [/opt/local/libexec/google-cloud-sdk/lib/surface/recaptcha]
2021-04-24 11:24:04,443 DEBUG    root            Loaded Command Group: ['gcloud', 'workspace_add_ons']
2021-04-24 11:24:04,445 DEBUG    root            Loaded Command Group: ['gcloud', 'source']
2021-04-24 11:24:04,447 DEBUG    root            Loaded Command Group: ['gcloud', 'kms']
2021-04-24 11:24:04,450 DEBUG    root            Loaded Command Group: ['gcloud', 'scheduler']
2021-04-24 11:24:04,452 DEBUG    root            Loaded Command Group: ['gcloud', 'resource_settings']
2021-04-24 11:24:04,455 DEBUG    root            Loaded Command Group: ['gcloud', 'assured']
2021-04-24 11:24:04,457 DEBUG    root            No implementation for release track [GA] for element: [/opt/local/libexec/google-cloud-sdk/lib/surface/essential_contacts]
2021-04-24 11:24:04,458 DEBUG    root            Loaded Command Group: ['gcloud', 'network_management']
2021-04-24 11:24:04,460 DEBUG    root            Loaded Command Group: ['gcloud', 'dataflow']
2021-04-24 11:24:04,463 DEBUG    root            No implementation for release track [GA] for element: [/opt/local/libexec/google-cloud-sdk/lib/surface/network_services]
2021-04-24 11:24:04,464 DEBUG    root            Loaded Command Group: ['gcloud', 'dns']
2021-04-24 11:24:04,468 DEBUG    root            No implementation for release track [GA] for element: [/opt/local/libexec/google-cloud-sdk/lib/surface/edge_container]
2021-04-24 11:24:04,469 DEBUG    root            No implementation for release track [GA] for element: [/opt/local/libexec/google-cloud-sdk/lib/surface/privateca]
2021-04-24 11:24:04,471 DEBUG    root            Loaded Command Group: ['gcloud', 'bigtable']
2021-04-24 11:24:04,474 DEBUG    root            Loaded Command Group: ['gcloud', 'iot']
2021-04-24 11:24:04,477 DEBUG    root            No implementation for release track [GA] for element: [/opt/local/libexec/google-cloud-sdk/lib/surface/lifesciences]
2021-04-24 11:24:04,479 DEBUG    root            No implementation for release track [GA] for element: [/opt/local/libexec/google-cloud-sdk/lib/surface/runtime_config]
2021-04-24 11:24:04,481 DEBUG    root            No implementation for release track [GA] for element: [/opt/local/libexec/google-cloud-sdk/lib/surface/trace]
2021-04-24 11:24:04,482 DEBUG    root            No implementation for release track [GA] for element: [/opt/local/libexec/google-cloud-sdk/lib/surface/kuberun]
2021-04-24 11:24:04,484 DEBUG    root            No implementation for release track [GA] for element: [/opt/local/libexec/google-cloud-sdk/lib/surface/error_reporting]
2021-04-24 11:24:04,497 DEBUG    root            Loaded Command Group: ['gcloud', 'docker']
2021-04-24 11:24:04,500 DEBUG    root            Loaded Command Group: ['gcloud', 'filestore']
2021-04-24 11:24:04,502 DEBUG    root            No implementation for release track [GA] for element: [/opt/local/libexec/google-cloud-sdk/lib/surface/certificate_manager]
2021-04-24 11:24:04,503 DEBUG    root            Loaded Command Group: ['gcloud', 'domains']
2021-04-24 11:24:04,506 DEBUG    root            Loaded Command Group: ['gcloud', 'version']
2021-04-24 11:24:04,511 DEBUG    root            Loaded Command Group: ['gcloud', 'builds']
2021-04-24 11:24:04,514 DEBUG    root            No implementation for release track [GA] for element: [/opt/local/libexec/google-cloud-sdk/lib/surface/access_approval]
2021-04-24 11:24:04,516 DEBUG    root            No implementation for release track [GA] for element: [/opt/local/libexec/google-cloud-sdk/lib/surface/dlp]
2021-04-24 11:24:04,517 DEBUG    root            Loaded Command Group: ['gcloud', 'identity']
2021-04-24 11:24:04,519 DEBUG    root            Loaded Command Group: ['gcloud', 'ml_engine']
2021-04-24 11:24:04,522 DEBUG    root            Loaded Command Group: ['gcloud', 'ai']
2021-04-24 11:24:04,526 DEBUG    root            Loaded Command Group: ['gcloud', 'dataproc']
2021-04-24 11:24:04,530 DEBUG    root            Loaded Command Group: ['gcloud', 'ml']
2021-04-24 11:24:04,534 DEBUG    root            Loaded Command Group: ['gcloud', 'run']
2021-04-24 11:24:04,538 DEBUG    root            No implementation for release track [GA] for element: [/opt/local/libexec/google-cloud-sdk/lib/surface/admin_service_cluster]
2021-04-24 11:24:04,539 DEBUG    root            No implementation for release track [GA] for element: [/opt/local/libexec/google-cloud-sdk/lib/surface/transcoder]
2021-04-24 11:24:04,541 DEBUG    root            Loaded Command Group: ['gcloud', 'spanner']
2021-04-24 11:24:04,545 DEBUG    root            Loaded Command Group: ['gcloud', 'config']
2021-04-24 11:24:04,547 DEBUG    root            Loaded Command Group: ['gcloud', 'anthos']
2021-04-24 11:24:04,550 DEBUG    root            Loaded Command Group: ['gcloud', 'cheat_sheet']
2021-04-24 11:24:04,552 DEBUG    root            Loaded Command Group: ['gcloud', 'active_directory']
2021-04-24 11:24:04,554 DEBUG    root            Loaded Command Group: ['gcloud', 'billing']
2021-04-24 11:24:04,557 DEBUG    root            Loaded Command Group: ['gcloud', 'iap']
2021-04-24 11:24:04,561 DEBUG    root            Loaded Command Group: ['gcloud', 'tasks']
2021-04-24 11:24:04,564 DEBUG    root            No implementation for release track [GA] for element: [/opt/local/libexec/google-cloud-sdk/lib/surface/blueprints]
2021-04-24 11:24:04,566 DEBUG    root            Loaded Command Group: ['gcloud', 'healthcare']
2021-04-24 11:24:04,570 DEBUG    root            Loaded Command Group: ['gcloud', 'notebooks']
2021-04-24 11:24:04,572 DEBUG    root            Loaded Command Group: ['gcloud', 'meta']
2021-04-24 11:24:04,576 DEBUG    root            No implementation for release track [GA] for element: [/opt/local/libexec/google-cloud-sdk/lib/surface/labelmanager]
