2021-05-02 07:22:33,215 ERROR    root            (gcloud) Command name argument expected.
2021-05-02 07:22:33,217 DEBUG    root            No implementation for release track [GA] for element: [/opt/local/libexec/google-cloud-sdk/lib/surface/trace]
2021-05-02 07:22:33,218 DEBUG    root            Loaded Command Group: ['gcloud', 'version']
2021-05-02 07:22:33,220 DEBUG    root            Loaded Command Group: ['gcloud', 'cloud_shell']
2021-05-02 07:22:33,221 DEBUG    root            Loaded Command Group: ['gcloud', 'recommender']
2021-05-02 07:22:33,265 DEBUG    root            Loaded Command Group: ['gcloud', 'api_gateway']
2021-05-02 07:22:33,267 DEBUG    root            Loaded Command Group: ['gcloud', 'policy_troubleshoot']
2021-05-02 07:22:33,270 DEBUG    root            Loaded Command Group: ['gcloud', 'dataproc']
2021-05-02 07:22:33,273 DEBUG    root            Loaded Command Group: ['gcloud', 'composer']
2021-05-02 07:22:33,275 DEBUG    root            No implementation for release track [GA] for element: [/opt/local/libexec/google-cloud-sdk/lib/surface/edge_cache]
2021-05-02 07:22:33,276 DEBUG    root            Loaded Command Group: ['gcloud', 'identity']
2021-05-02 07:22:33,279 DEBUG    root            No implementation for release track [GA] for element: [/opt/local/libexec/google-cloud-sdk/lib/surface/bq]
2021-05-02 07:22:33,280 DEBUG    root            No implementation for release track [GA] for element: [/opt/local/libexec/google-cloud-sdk/lib/surface/labelmanager]
2021-05-02 07:22:33,281 DEBUG    root            No implementation for release track [GA] for element: [/opt/local/libexec/google-cloud-sdk/lib/surface/deploy]
2021-05-02 07:22:33,282 DEBUG    root            No implementation for release track [GA] for element: [/opt/local/libexec/google-cloud-sdk/lib/surface/admin_service_cluster]
2021-05-02 07:22:33,283 DEBUG    root            Loaded Command Group: ['gcloud', 'firestore']
2021-05-02 07:22:33,285 DEBUG    root            Loaded Command Group: ['gcloud', 'filestore']
2021-05-02 07:22:33,289 DEBUG    root            Loaded Command Group: ['gcloud', 'privateca']
2021-05-02 07:22:33,291 DEBUG    root            Loaded Command Group: ['gcloud', 'auth']
2021-05-02 07:22:33,294 DEBUG    root            Loaded Command Group: ['gcloud', 'workspace_add_ons']
2021-05-02 07:22:33,296 DEBUG    root            Loaded Command Group: ['gcloud', 'ai']
2021-05-02 07:22:33,303 DEBUG    root            Loaded Command Group: ['gcloud', 'builds']
2021-05-02 07:22:33,306 DEBUG    root            No implementation for release track [GA] for element: [/opt/local/libexec/google-cloud-sdk/lib/surface/genomics]
2021-05-02 07:22:33,307 DEBUG    root            No implementation for release track [GA] for element: [/opt/local/libexec/google-cloud-sdk/lib/surface/web_security_scanner]
2021-05-02 07:22:33,309 DEBUG    root            Loaded Command Group: ['gcloud', 'sql']
2021-05-02 07:22:33,312 DEBUG    root            No implementation for release track [GA] for element: [/opt/local/libexec/google-cloud-sdk/lib/surface/edge_container]
2021-05-02 07:22:33,313 DEBUG    root            No implementation for release track [GA] for element: [/opt/local/libexec/google-cloud-sdk/lib/surface/lifesciences]
2021-05-02 07:22:33,314 DEBUG    root            No implementation for release track [GA] for element: [/opt/local/libexec/google-cloud-sdk/lib/surface/certificate_manager]
2021-05-02 07:22:33,316 DEBUG    root            Loaded Command Group: ['gcloud', 'ml_engine']
2021-05-02 07:22:33,318 DEBUG    root            Loaded Command Group: ['gcloud', 'active_directory']
2021-05-02 07:22:33,322 DEBUG    root            Loaded Command Group: ['gcloud', 'healthcare']
2021-05-02 07:22:33,326 DEBUG    root            Loaded Command Group: ['gcloud', 'resource_manager']
2021-05-02 07:22:33,595 DEBUG    root            No implementation for release track [GA] for element: [/opt/local/libexec/google-cloud-sdk/lib/surface/interactive]
2021-05-02 07:22:33,596 DEBUG    root            No implementation for release track [GA] for element: [/opt/local/libexec/google-cloud-sdk/lib/surface/dlp]
2021-05-02 07:22:33,597 DEBUG    root            Loaded Command Group: ['gcloud', 'source']
2021-05-02 07:22:33,600 DEBUG    root            Loaded Command Group: ['gcloud', 'monitoring']
2021-05-02 07:22:33,603 DEBUG    root            Loaded Command Group: ['gcloud', 'iap']
2021-05-02 07:22:33,606 DEBUG    root            No implementation for release track [GA] for element: [/opt/local/libexec/google-cloud-sdk/lib/surface/media]
2021-05-02 07:22:33,607 DEBUG    root            No implementation for release track [GA] for element: [/opt/local/libexec/google-cloud-sdk/lib/surface/error_reporting]
2021-05-02 07:22:33,608 DEBUG    root            No implementation for release track [GA] for element: [/opt/local/libexec/google-cloud-sdk/lib/surface/kuberun]
2021-05-02 07:22:33,609 DEBUG    root            No implementation for release track [GA] for element: [/opt/local/libexec/google-cloud-sdk/lib/surface/blueprints]
2021-05-02 07:22:33,610 DEBUG    root            Loaded Command Group: ['gcloud', 'scc']
2021-05-02 07:22:33,613 DEBUG    root            No implementation for release track [GA] for element: [/opt/local/libexec/google-cloud-sdk/lib/surface/commerce_procurement]
2021-05-02 07:22:33,614 DEBUG    root            Loaded Command Group: ['gcloud', 'topic']
2021-05-02 07:22:33,617 DEBUG    root            No implementation for release track [GA] for element: [/opt/local/libexec/google-cloud-sdk/lib/surface/vmware]
2021-05-02 07:22:33,630 DEBUG    root            Loaded Command Group: ['gcloud', 'projects']
2021-05-02 07:22:33,633 DEBUG    root            No implementation for release track [GA] for element: [/opt/local/libexec/google-cloud-sdk/lib/surface/alloydb]
2021-05-02 07:22:33,635 DEBUG    root            Loaded Command Group: ['gcloud', 'resource_settings']
2021-05-02 07:22:33,637 DEBUG    root            Loaded Command Group: ['gcloud', 'components']
2021-05-02 07:22:33,640 DEBUG    root            Loaded Command Group: ['gcloud', 'run']
2021-05-02 07:22:33,643 DEBUG    root            Loaded Command Group: ['gcloud', 'scheduler']
2021-05-02 07:22:33,645 DEBUG    root            No implementation for release track [GA] for element: [/opt/local/libexec/google-cloud-sdk/lib/surface/recaptcha]
2021-05-02 07:22:33,646 DEBUG    root            Loaded Command Group: ['gcloud', 'dns']
2021-05-02 07:22:33,649 DEBUG    root            No implementation for release track [GA] for element: [/opt/local/libexec/google-cloud-sdk/lib/surface/dialogflow]
2021-05-02 07:22:33,651 DEBUG    root            Loaded Command Group: ['gcloud', 'network_management']
2021-05-02 07:22:33,653 DEBUG    root            Loaded Command Group: ['gcloud', 'memcache']
2021-05-02 07:22:33,657 DEBUG    root            Loaded Command Group: ['gcloud', 'app']
2021-05-02 07:22:33,660 DEBUG    root            No implementation for release track [GA] for element: [/opt/local/libexec/google-cloud-sdk/lib/surface/publicca]
2021-05-02 07:22:33,774 DEBUG    root            No implementation for release track [GA] for element: [/opt/local/libexec/google-cloud-sdk/lib/surface/events]
2021-05-02 07:22:33,775 DEBUG    root            Loaded Command Group: ['gcloud', 'data_catalog']
2021-05-02 07:22:33,778 DEBUG    root            Loaded Command Group: ['gcloud', 'asset']
2021-05-02 07:22:33,794 DEBUG    root            Loaded Command Group: ['gcloud', 'info']
2021-05-02 07:22:33,796 DEBUG    root            Loaded Command Group: ['gcloud', 'anthos']
2021-05-02 07:22:33,799 DEBUG    root            Loaded Command Group: ['gcloud', 'iot']
2021-05-02 07:22:33,801 DEBUG    root            Loaded Command Group: ['gcloud', 'config']
2021-05-02 07:22:33,803 DEBUG    root            Loaded Command Group: ['gcloud', 'metastore']
2021-05-02 07:22:33,806 DEBUG    root            Loaded Command Group: ['gcloud', 'emulators']
2021-05-02 07:22:33,808 DEBUG    root            Loaded Command Group: ['gcloud', 'endpoints']
2021-05-02 07:22:33,811 DEBUG    root            No implementation for release track [GA] for element: [/opt/local/libexec/google-cloud-sdk/lib/surface/network_security]
2021-05-02 07:22:33,812 DEBUG    root            Loaded Command Group: ['gcloud', 'services']
2021-05-02 07:22:33,814 DEBUG    root            Loaded Command Group: ['gcloud', 'org_policies']
2021-05-02 07:22:33,818 DEBUG    root            No implementation for release track [GA] for element: [/opt/local/libexec/google-cloud-sdk/lib/surface/runtime_config]
2021-05-02 07:22:33,830 DEBUG    root            Loaded Command Group: ['gcloud', 'survey']
2021-05-02 07:22:33,832 DEBUG    root            Loaded Command Group: ['gcloud', 'pubsub']
2021-05-02 07:22:33,834 DEBUG    root            Loaded Command Group: ['gcloud', 'workflows']
2021-05-02 07:22:33,837 DEBUG    root            Loaded Command Group: ['gcloud', 'spanner']
2021-05-02 07:22:33,839 DEBUG    root            Loaded Command Group: ['gcloud', 'service_directory']
2021-05-02 07:22:33,842 DEBUG    root            No implementation for release track [GA] for element: [/opt/local/libexec/google-cloud-sdk/lib/surface/resource_config]
2021-05-02 07:22:33,843 DEBUG    root            Loaded Command Group: ['gcloud', 'game']
2021-05-02 07:22:33,845 DEBUG    root            Loaded Command Group: ['gcloud', 'kms']
2021-05-02 07:22:33,848 DEBUG    root            Loaded Command Group: ['gcloud', 'firebase']
2021-05-02 07:22:33,850 DEBUG    root            Loaded Command Group: ['gcloud', 'datastore']
2021-05-02 07:22:33,854 DEBUG    root            No implementation for release track [GA] for element: [/opt/local/libexec/google-cloud-sdk/lib/surface/data_fusion]
2021-05-02 07:22:33,855 DEBUG    root            Loaded Command Group: ['gcloud', 'domains']
2021-05-02 07:22:33,857 DEBUG    root            Loaded Command Group: ['gcloud', 'artifacts']
2021-05-02 07:22:33,860 DEBUG    root            Loaded Command Group: ['gcloud', 'deployment_manager']
2021-05-02 07:22:33,862 DEBUG    root            Loaded Command Group: ['gcloud', 'eventarc']
2021-05-02 07:22:33,864 DEBUG    root            Loaded Command Group: ['gcloud', 'billing']
2021-05-02 07:22:33,867 DEBUG    root            No implementation for release track [GA] for element: [/opt/local/libexec/google-cloud-sdk/lib/surface/essential_contacts]
2021-05-02 07:22:33,869 DEBUG    root            Loaded Command Group: ['gcloud', 'cheat_sheet']
2021-05-02 07:22:33,871 DEBUG    root            Loaded Command Group: ['gcloud', 'secrets']
2021-05-02 07:22:33,874 DEBUG    root            Loaded Command Group: ['gcloud', 'ai_platform']
2021-05-02 07:22:33,883 DEBUG    root            Loaded Command Group: ['gcloud', 'docker']
2021-05-02 07:22:33,889 DEBUG    root            Loaded Command Group: ['gcloud', 'feedback']
2021-05-02 07:22:33,891 DEBUG    root            No implementation for release track [GA] for element: [/opt/local/libexec/google-cloud-sdk/lib/surface/network_connectivity]
2021-05-02 07:22:33,892 DEBUG    root            Loaded Command Group: ['gcloud', 'tasks']
2021-05-02 07:22:33,895 DEBUG    root            No implementation for release track [GA] for element: [/opt/local/libexec/google-cloud-sdk/lib/surface/remote_build_execution]
2021-05-02 07:22:33,896 DEBUG    root            No implementation for release track [GA] for element: [/opt/local/libexec/google-cloud-sdk/lib/surface/transcoder]
2021-05-02 07:22:33,897 DEBUG    root            Loaded Command Group: ['gcloud', 'database_migration']
2021-05-02 07:22:33,899 DEBUG    root            Loaded Command Group: ['gcloud', 'iam']
2021-05-02 07:22:33,902 DEBUG    root            Loaded Command Group: ['gcloud', 'redis']
2021-05-02 07:22:33,904 DEBUG    root            Loaded Command Group: ['gcloud', 'bigtable']
2021-05-02 07:22:33,907 DEBUG    root            Loaded Command Group: ['gcloud', 'apigee']
2021-05-02 07:22:33,910 DEBUG    root            No implementation for release track [GA] for element: [/opt/local/libexec/google-cloud-sdk/lib/surface/storage]
2021-05-02 07:22:33,911 DEBUG    root            No implementation for release track [GA] for element: [/opt/local/libexec/google-cloud-sdk/lib/surface/access_approval]
2021-05-02 07:22:34,017 DEBUG    root            Loaded Command Group: ['gcloud', 'compute']
2021-05-02 07:22:34,033 DEBUG    root            Loaded Command Group: ['gcloud', 'container']
2021-05-02 07:22:34,037 DEBUG    root            Loaded Command Group: ['gcloud', 'notebooks']
2021-05-02 07:22:34,040 DEBUG    root            Loaded Command Group: ['gcloud', 'assured']
2021-05-02 07:22:34,044 DEBUG    root            Loaded Command Group: ['gcloud', 'debug']
2021-05-02 07:22:34,046 DEBUG    root            Loaded Command Group: ['gcloud', 'access_context_manager']
2021-05-02 07:22:34,049 DEBUG    root            Loaded Command Group: ['gcloud', 'ml']
2021-05-02 07:22:34,064 DEBUG    root            Loaded Command Group: ['gcloud', 'help']
2021-05-02 07:22:34,067 DEBUG    root            Loaded Command Group: ['gcloud', 'logging']
2021-05-02 07:22:34,074 DEBUG    root            No implementation for release track [GA] for element: [/opt/local/libexec/google-cloud-sdk/lib/surface/code]
2021-05-02 07:22:34,077 DEBUG    root            Loaded Command Group: ['gcloud', 'functions']
2021-05-02 07:22:34,080 DEBUG    root            Loaded Command Group: ['gcloud', 'dataflow']
2021-05-02 07:22:34,083 DEBUG    root            No implementation for release track [GA] for element: [/opt/local/libexec/google-cloud-sdk/lib/surface/network_services]
2021-05-02 07:22:34,084 DEBUG    root            Loaded Command Group: ['gcloud', 'organizations']
2021-05-02 07:22:34,093 DEBUG    root            Loaded Command Group: ['gcloud', 'init']
2021-05-02 07:22:34,095 DEBUG    root            Loaded Command Group: ['gcloud', 'meta']
