2021-05-02 07:31:57,644 DEBUG    root            Loaded Command Group: ['gcloud', 'compute']
2021-05-02 07:31:57,647 DEBUG    root            Loaded Command Group: ['gcloud', 'compute', 'addresses']
2021-05-02 07:31:57,648 DEBUG    root            Running [gcloud.compute.addresses] with arguments: [--help: "None"]
2021-05-02 07:31:57,672 DEBUG    root            Loaded Command Group: ['gcloud', 'compute', 'addresses', 'describe']
2021-05-02 07:31:57,674 DEBUG    root            Loaded Command Group: ['gcloud', 'compute', 'addresses', 'list']
2021-05-02 07:31:57,675 DEBUG    root            No implementation for release track [GA] for element: [/opt/local/libexec/google-cloud-sdk/lib/surface/compute/addresses/update]
2021-05-02 07:31:57,678 DEBUG    root            Loaded Command Group: ['gcloud', 'compute', 'addresses', 'create']
2021-05-02 07:31:57,680 DEBUG    root            Loaded Command Group: ['gcloud', 'compute', 'addresses', 'delete']
2021-05-02 07:31:57,693 DEBUG    root            Loaded Command Group: ['gcloud', 'help']
2021-05-02 07:31:57,696 INFO     ___FILE_ONLY___ [m[1mNAME[m
    gcloud compute addresses - read and manipulate Compute Engine addresses

[m[1mSYNOPSIS[m
    [1mgcloud compute addresses[m [4mCOMMAND[m [[4mGCLOUD_WIDE_FLAG ...[m]

[m[1mDESCRIPTION[m
    Read and manipulate Compute Engine addresses.

    For more information about addresses, see the addresses documentation
    (https://cloud.google.com/compute/docs/ip-addresses/).

    See also: Addresses API
    (https://cloud.google.com/compute/docs/reference/rest/v1/addresses).

[m[1mGCLOUD WIDE FLAGS[m
    These flags are available to all commands: --help.

    Run [1m$ gcloud help[m for details.

[m[1mCOMMANDS[m
    [1m[1;4mCOMMAND[1m[m is one of the following:

     [1mcreate[m
        Reserve IP addresses.

     [1mdelete[m
        Release reserved IP addresses.

     [1mdescribe[m
        Display detailed information about an address.

     [1mlist[m
        List addresses.
[m
