2021-05-02 07:30:47,522 DEBUG    root            Loaded Command Group: ['gcloud', 'compute']
2021-05-02 07:30:47,527 ERROR    root            (gcloud.compute) Command name argument expected.
2021-05-02 07:30:47,529 DEBUG    root            No implementation for release track [GA] for element: [/opt/local/libexec/google-cloud-sdk/lib/surface/compute/machine_images]
2021-05-02 07:30:47,530 DEBUG    root            Loaded Command Group: ['gcloud', 'compute', 'packet_mirrorings']
2021-05-02 07:30:47,532 DEBUG    root            Loaded Command Group: ['gcloud', 'compute', 'networks']
2021-05-02 07:30:47,536 DEBUG    root            Loaded Command Group: ['gcloud', 'compute', 'tpus']
2021-05-02 07:30:47,679 DEBUG    root            Loaded Command Group: ['gcloud', 'compute', 'ssh']
2021-05-02 07:30:47,682 DEBUG    root            Loaded Command Group: ['gcloud', 'compute', 'instance_templates']
2021-05-02 07:30:47,685 DEBUG    root            Loaded Command Group: ['gcloud', 'compute', 'backend_services']
2021-05-02 07:30:47,688 DEBUG    root            Loaded Command Group: ['gcloud', 'compute', 'project_info']
2021-05-02 07:30:47,690 DEBUG    root            Loaded Command Group: ['gcloud', 'compute', 'http_health_checks']
2021-05-02 07:30:47,692 DEBUG    root            Loaded Command Group: ['gcloud', 'compute', 'images']
2021-05-02 07:30:47,695 DEBUG    root            Loaded Command Group: ['gcloud', 'compute', 'network_endpoint_groups']
2021-05-02 07:30:47,697 DEBUG    root            Loaded Command Group: ['gcloud', 'compute', 'target_instances']
2021-05-02 07:30:47,699 DEBUG    root            Loaded Command Group: ['gcloud', 'compute', 'regions']
2021-05-02 07:30:47,701 DEBUG    root            Loaded Command Group: ['gcloud', 'compute', 'target_grpc_proxies']
2021-05-02 07:30:47,703 DEBUG    root            Loaded Command Group: ['gcloud', 'compute', 'routers']
2021-05-02 07:30:47,709 DEBUG    root            Loaded Command Group: ['gcloud', 'compute', 'scp']
2021-05-02 07:30:47,713 DEBUG    root            Loaded Command Group: ['gcloud', 'compute', 'diagnose']
2021-05-02 07:30:47,715 DEBUG    root            Loaded Command Group: ['gcloud', 'compute', 'disks']
2021-05-02 07:30:47,718 DEBUG    root            Loaded Command Group: ['gcloud', 'compute', 'machine_types']
2021-05-02 07:30:47,721 DEBUG    root            Loaded Command Group: ['gcloud', 'compute', 'operations']
2021-05-02 07:30:47,724 DEBUG    root            Loaded Command Group: ['gcloud', 'compute', 'os_login']
2021-05-02 07:30:47,727 DEBUG    root            Loaded Command Group: ['gcloud', 'compute', 'sole_tenancy']
2021-05-02 07:30:47,729 DEBUG    root            Loaded Command Group: ['gcloud', 'compute', 'vpn_tunnels']
2021-05-02 07:30:47,732 DEBUG    root            Loaded Command Group: ['gcloud', 'compute', 'start_iap_tunnel']
2021-05-02 07:30:47,734 DEBUG    root            Loaded Command Group: ['gcloud', 'compute', 'instance_groups']
2021-05-02 07:30:47,738 DEBUG    root            Loaded Command Group: ['gcloud', 'compute', 'accelerator_types']
2021-05-02 07:30:47,740 DEBUG    root            No implementation for release track [GA] for element: [/opt/local/libexec/google-cloud-sdk/lib/surface/compute/org_security_policies]
2021-05-02 07:30:47,741 DEBUG    root            Loaded Command Group: ['gcloud', 'compute', 'os_config']
2021-05-02 07:30:47,743 DEBUG    root            Loaded Command Group: ['gcloud', 'compute', 'ssl_certificates']
2021-05-02 07:30:47,745 DEBUG    root            Loaded Command Group: ['gcloud', 'compute', 'backend_buckets']
2021-05-02 07:30:47,748 DEBUG    root            Loaded Command Group: ['gcloud', 'compute', 'url_maps']
2021-05-02 07:30:47,750 DEBUG    root            No implementation for release track [GA] for element: [/opt/local/libexec/google-cloud-sdk/lib/surface/compute/service_attachments]
2021-05-02 07:30:47,751 DEBUG    root            Loaded Command Group: ['gcloud', 'compute', 'forwarding_rules']
2021-05-02 07:30:47,753 DEBUG    root            Loaded Command Group: ['gcloud', 'compute', 'external_vpn_gateways']
2021-05-02 07:30:47,756 DEBUG    root            Loaded Command Group: ['gcloud', 'compute', 'target_vpn_gateways']
2021-05-02 07:30:47,758 DEBUG    root            Loaded Command Group: ['gcloud', 'compute', 'public_advertised_prefixes']
2021-05-02 07:30:47,761 DEBUG    root            Loaded Command Group: ['gcloud', 'compute', 'interconnects']
2021-05-02 07:30:47,763 DEBUG    root            Loaded Command Group: ['gcloud', 'compute', 'shared_vpc']
2021-05-02 07:30:47,771 DEBUG    root            Loaded Command Group: ['gcloud', 'compute', 'reset_windows_password']
2021-05-02 07:30:47,773 DEBUG    root            Loaded Command Group: ['gcloud', 'compute', 'resource_policies']
2021-05-02 07:30:47,776 DEBUG    root            Loaded Command Group: ['gcloud', 'compute', 'target_ssl_proxies']
2021-05-02 07:30:47,779 DEBUG    root            Loaded Command Group: ['gcloud', 'compute', 'ssl_policies']
2021-05-02 07:30:47,781 DEBUG    root            Loaded Command Group: ['gcloud', 'compute', 'https_health_checks']
2021-05-02 07:30:47,784 DEBUG    root            Loaded Command Group: ['gcloud', 'compute', 'target_http_proxies']
2021-05-02 07:30:47,787 DEBUG    root            Loaded Command Group: ['gcloud', 'compute', 'target_https_proxies']
2021-05-02 07:30:47,790 DEBUG    root            Loaded Command Group: ['gcloud', 'compute', 'security_policies']
2021-05-02 07:30:47,793 DEBUG    root            Loaded Command Group: ['gcloud', 'compute', 'routes']
2021-05-02 07:30:47,795 DEBUG    root            Loaded Command Group: ['gcloud', 'compute', 'health_checks']
2021-05-02 07:30:47,798 DEBUG    root            Loaded Command Group: ['gcloud', 'compute', 'firewall_policies']
2021-05-02 07:30:47,801 DEBUG    root            Loaded Command Group: ['gcloud', 'compute', 'target_pools']
2021-05-02 07:30:47,804 DEBUG    root            Loaded Command Group: ['gcloud', 'compute', 'snapshots']
2021-05-02 07:30:47,807 DEBUG    root            Loaded Command Group: ['gcloud', 'compute', 'addresses']
2021-05-02 07:30:47,809 DEBUG    root            Loaded Command Group: ['gcloud', 'compute', 'public_delegated_prefixes']
2021-05-02 07:30:47,812 DEBUG    root            Loaded Command Group: ['gcloud', 'compute', 'commitments']
2021-05-02 07:30:47,814 DEBUG    root            Loaded Command Group: ['gcloud', 'compute', 'target_tcp_proxies']
2021-05-02 07:30:47,817 DEBUG    root            Loaded Command Group: ['gcloud', 'compute', 'disk_types']
2021-05-02 07:30:47,819 DEBUG    root            Loaded Command Group: ['gcloud', 'compute', 'firewall_rules']
2021-05-02 07:30:47,822 DEBUG    root            Loaded Command Group: ['gcloud', 'compute', 'copy_files']
2021-05-02 07:30:47,826 DEBUG    root            Loaded Command Group: ['gcloud', 'compute', 'vpn_gateways']
2021-05-02 07:30:47,832 DEBUG    root            Loaded Command Group: ['gcloud', 'compute', 'config_ssh']
2021-05-02 07:30:47,834 DEBUG    root            Loaded Command Group: ['gcloud', 'compute', 'reservations']
2021-05-02 07:30:47,841 DEBUG    root            Loaded Command Group: ['gcloud', 'compute', 'sign_url']
2021-05-02 07:30:47,845 DEBUG    root            Loaded Command Group: ['gcloud', 'compute', 'connect_to_serial_port']
2021-05-02 07:30:47,847 DEBUG    root            Loaded Command Group: ['gcloud', 'compute', 'instances']
2021-05-02 07:30:47,850 DEBUG    root            Loaded Command Group: ['gcloud', 'compute', 'zones']
2021-05-02 07:30:47,852 DEBUG    root            No implementation for release track [GA] for element: [/opt/local/libexec/google-cloud-sdk/lib/surface/compute/instant_snapshots]
