2021-05-02 07:30:08,456 ERROR    root            (gcloud) Command name argument expected.
2021-05-02 07:30:08,493 DEBUG    root            Loaded Command Group: ['gcloud', 'ml_engine']
2021-05-02 07:30:08,495 DEBUG    root            No implementation for release track [GA] for element: [/opt/local/libexec/google-cloud-sdk/lib/surface/blueprints]
2021-05-02 07:30:08,496 DEBUG    root            Loaded Command Group: ['gcloud', 'services']
2021-05-02 07:30:08,497 DEBUG    root            Loaded Command Group: ['gcloud', 'filestore']
2021-05-02 07:30:08,501 DEBUG    root            No implementation for release track [GA] for element: [/opt/local/libexec/google-cloud-sdk/lib/surface/admin_service_cluster]
2021-05-02 07:30:08,501 DEBUG    root            No implementation for release track [GA] for element: [/opt/local/libexec/google-cloud-sdk/lib/surface/access_approval]
2021-05-02 07:30:08,502 DEBUG    root            Loaded Command Group: ['gcloud', 'app']
2021-05-02 07:30:08,504 DEBUG    root            Loaded Command Group: ['gcloud', 'topic']
2021-05-02 07:30:08,506 DEBUG    root            Loaded Command Group: ['gcloud', 'notebooks']
2021-05-02 07:30:08,507 DEBUG    root            Loaded Command Group: ['gcloud', 'meta']
2021-05-02 07:30:08,509 DEBUG    root            Loaded Command Group: ['gcloud', 'pubsub']
2021-05-02 07:30:08,511 DEBUG    root            Loaded Command Group: ['gcloud', 'bigtable']
2021-05-02 07:30:08,512 DEBUG    root            No implementation for release track [GA] for element: [/opt/local/libexec/google-cloud-sdk/lib/surface/network_services]
2021-05-02 07:30:08,513 DEBUG    root            Loaded Command Group: ['gcloud', 'game']
2021-05-02 07:30:08,514 DEBUG    root            Loaded Command Group: ['gcloud', 'firestore']
2021-05-02 07:30:08,516 DEBUG    root            No implementation for release track [GA] for element: [/opt/local/libexec/google-cloud-sdk/lib/surface/kuberun]
2021-05-02 07:30:08,517 DEBUG    root            Loaded Command Group: ['gcloud', 'policy_troubleshoot']
2021-05-02 07:30:08,524 DEBUG    root            Loaded Command Group: ['gcloud', 'survey']
2021-05-02 07:30:08,526 DEBUG    root            Loaded Command Group: ['gcloud', 'api_gateway']
2021-05-02 07:30:08,528 DEBUG    root            Loaded Command Group: ['gcloud', 'domains']
2021-05-02 07:30:08,538 DEBUG    root            Loaded Command Group: ['gcloud', 'feedback']
2021-05-02 07:30:08,539 DEBUG    root            No implementation for release track [GA] for element: [/opt/local/libexec/google-cloud-sdk/lib/surface/commerce_procurement]
2021-05-02 07:30:08,540 DEBUG    root            No implementation for release track [GA] for element: [/opt/local/libexec/google-cloud-sdk/lib/surface/essential_contacts]
2021-05-02 07:30:08,541 DEBUG    root            Loaded Command Group: ['gcloud', 'redis']
2021-05-02 07:30:08,542 DEBUG    root            No implementation for release track [GA] for element: [/opt/local/libexec/google-cloud-sdk/lib/surface/resource_config]
2021-05-02 07:30:08,543 DEBUG    root            No implementation for release track [GA] for element: [/opt/local/libexec/google-cloud-sdk/lib/surface/error_reporting]
2021-05-02 07:30:08,544 DEBUG    root            Loaded Command Group: ['gcloud', 'scheduler']
2021-05-02 07:30:08,629 DEBUG    root            No implementation for release track [GA] for element: [/opt/local/libexec/google-cloud-sdk/lib/surface/events]
2021-05-02 07:30:08,631 DEBUG    root            No implementation for release track [GA] for element: [/opt/local/libexec/google-cloud-sdk/lib/surface/code]
2021-05-02 07:30:08,632 DEBUG    root            Loaded Command Group: ['gcloud', 'healthcare']
2021-05-02 07:30:08,634 DEBUG    root            Loaded Command Group: ['gcloud', 'apigee']
2021-05-02 07:30:08,636 DEBUG    root            Loaded Command Group: ['gcloud', 'spanner']
2021-05-02 07:30:08,639 DEBUG    root            Loaded Command Group: ['gcloud', 'debug']
2021-05-02 07:30:08,640 DEBUG    root            No implementation for release track [GA] for element: [/opt/local/libexec/google-cloud-sdk/lib/surface/vmware]
2021-05-02 07:30:08,641 DEBUG    root            Loaded Command Group: ['gcloud', 'tasks']
2021-05-02 07:30:08,643 DEBUG    root            Loaded Command Group: ['gcloud', 'org_policies']
2021-05-02 07:30:08,645 DEBUG    root            Loaded Command Group: ['gcloud', 'auth']
2021-05-02 07:30:08,647 DEBUG    root            Loaded Command Group: ['gcloud', 'database_migration']
2021-05-02 07:30:08,648 DEBUG    root            Loaded Command Group: ['gcloud', 'ml']
2021-05-02 07:30:08,649 DEBUG    root            No implementation for release track [GA] for element: [/opt/local/libexec/google-cloud-sdk/lib/surface/media]
2021-05-02 07:30:08,650 DEBUG    root            Loaded Command Group: ['gcloud', 'memcache']
2021-05-02 07:30:08,652 DEBUG    root            No implementation for release track [GA] for element: [/opt/local/libexec/google-cloud-sdk/lib/surface/remote_build_execution]
2021-05-02 07:30:08,652 DEBUG    root            No implementation for release track [GA] for element: [/opt/local/libexec/google-cloud-sdk/lib/surface/certificate_manager]
2021-05-02 07:30:08,653 DEBUG    root            No implementation for release track [GA] for element: [/opt/local/libexec/google-cloud-sdk/lib/surface/web_security_scanner]
2021-05-02 07:30:08,654 DEBUG    root            Loaded Command Group: ['gcloud', 'monitoring']
2021-05-02 07:30:08,659 DEBUG    root            Loaded Command Group: ['gcloud', 'info']
2021-05-02 07:30:08,661 DEBUG    root            Loaded Command Group: ['gcloud', 'secrets']
2021-05-02 07:30:08,663 DEBUG    root            Loaded Command Group: ['gcloud', 'components']
2021-05-02 07:30:08,665 DEBUG    root            Loaded Command Group: ['gcloud', 'billing']
2021-05-02 07:30:08,674 DEBUG    root            Loaded Command Group: ['gcloud', 'projects']
2021-05-02 07:30:08,675 DEBUG    root            Loaded Command Group: ['gcloud', 'logging']
2021-05-02 07:30:08,677 DEBUG    root            Loaded Command Group: ['gcloud', 'iam']
2021-05-02 07:30:08,679 DEBUG    root            Loaded Command Group: ['gcloud', 'sql']
2021-05-02 07:30:08,681 DEBUG    root            Loaded Command Group: ['gcloud', 'eventarc']
2021-05-02 07:30:08,682 DEBUG    root            Loaded Command Group: ['gcloud', 'organizations']
2021-05-02 07:30:08,684 DEBUG    root            No implementation for release track [GA] for element: [/opt/local/libexec/google-cloud-sdk/lib/surface/deploy]
2021-05-02 07:30:08,684 DEBUG    root            Loaded Command Group: ['gcloud', 'dataproc']
2021-05-02 07:30:08,686 DEBUG    root            No implementation for release track [GA] for element: [/opt/local/libexec/google-cloud-sdk/lib/surface/labelmanager]
2021-05-02 07:30:08,686 DEBUG    root            Loaded Command Group: ['gcloud', 'resource_settings']
2021-05-02 07:30:08,688 DEBUG    root            No implementation for release track [GA] for element: [/opt/local/libexec/google-cloud-sdk/lib/surface/runtime_config]
2021-05-02 07:30:08,689 DEBUG    root            No implementation for release track [GA] for element: [/opt/local/libexec/google-cloud-sdk/lib/surface/storage]
2021-05-02 07:30:08,689 DEBUG    root            Loaded Command Group: ['gcloud', 'assured']
2021-05-02 07:30:08,691 DEBUG    root            Loaded Command Group: ['gcloud', 'firebase']
2021-05-02 07:30:08,692 DEBUG    root            Loaded Command Group: ['gcloud', 'service_directory']
2021-05-02 07:30:08,693 DEBUG    root            Loaded Command Group: ['gcloud', 'workspace_add_ons']
2021-05-02 07:30:08,695 DEBUG    root            Loaded Command Group: ['gcloud', 'config']
2021-05-02 07:30:08,696 DEBUG    root            No implementation for release track [GA] for element: [/opt/local/libexec/google-cloud-sdk/lib/surface/dlp]
2021-05-02 07:30:08,697 DEBUG    root            No implementation for release track [GA] for element: [/opt/local/libexec/google-cloud-sdk/lib/surface/lifesciences]
2021-05-02 07:30:08,697 DEBUG    root            No implementation for release track [GA] for element: [/opt/local/libexec/google-cloud-sdk/lib/surface/network_connectivity]
2021-05-02 07:30:08,698 DEBUG    root            Loaded Command Group: ['gcloud', 'source']
2021-05-02 07:30:08,709 DEBUG    root            Loaded Command Group: ['gcloud', 'help']
2021-05-02 07:30:08,711 DEBUG    root            Loaded Command Group: ['gcloud', 'resource_manager']
2021-05-02 07:30:08,713 DEBUG    root            Loaded Command Group: ['gcloud', 'ai_platform']
2021-05-02 07:30:08,714 DEBUG    root            No implementation for release track [GA] for element: [/opt/local/libexec/google-cloud-sdk/lib/surface/network_security]
2021-05-02 07:30:08,719 DEBUG    root            Loaded Command Group: ['gcloud', 'init']
2021-05-02 07:30:08,894 DEBUG    root            No implementation for release track [GA] for element: [/opt/local/libexec/google-cloud-sdk/lib/surface/interactive]
2021-05-02 07:30:08,894 DEBUG    root            Loaded Command Group: ['gcloud', 'endpoints']
2021-05-02 07:30:08,896 DEBUG    root            Loaded Command Group: ['gcloud', 'recommender']
2021-05-02 07:30:08,898 DEBUG    root            Loaded Command Group: ['gcloud', 'access_context_manager']
2021-05-02 07:30:08,899 DEBUG    root            Loaded Command Group: ['gcloud', 'identity']
2021-05-02 07:30:08,901 DEBUG    root            No implementation for release track [GA] for element: [/opt/local/libexec/google-cloud-sdk/lib/surface/data_fusion]
2021-05-02 07:30:08,901 DEBUG    root            Loaded Command Group: ['gcloud', 'ai']
2021-05-02 07:30:08,903 DEBUG    root            No implementation for release track [GA] for element: [/opt/local/libexec/google-cloud-sdk/lib/surface/trace]
2021-05-02 07:30:08,978 DEBUG    root            Loaded Command Group: ['gcloud', 'compute']
2021-05-02 07:30:08,981 DEBUG    root            Loaded Command Group: ['gcloud', 'iot']
2021-05-02 07:30:08,983 DEBUG    root            Loaded Command Group: ['gcloud', 'anthos']
2021-05-02 07:30:08,984 DEBUG    root            Loaded Command Group: ['gcloud', 'datastore']
2021-05-02 07:30:08,986 DEBUG    root            Loaded Command Group: ['gcloud', 'dns']
2021-05-02 07:30:08,989 DEBUG    root            Loaded Command Group: ['gcloud', 'network_management']
2021-05-02 07:30:08,991 DEBUG    root            Loaded Command Group: ['gcloud', 'emulators']
2021-05-02 07:30:08,993 DEBUG    root            No implementation for release track [GA] for element: [/opt/local/libexec/google-cloud-sdk/lib/surface/recaptcha]
2021-05-02 07:30:08,993 DEBUG    root            Loaded Command Group: ['gcloud', 'scc']
2021-05-02 07:30:08,995 DEBUG    root            Loaded Command Group: ['gcloud', 'cloud_shell']
2021-05-02 07:30:08,997 DEBUG    root            No implementation for release track [GA] for element: [/opt/local/libexec/google-cloud-sdk/lib/surface/bq]
2021-05-02 07:30:08,997 DEBUG    root            Loaded Command Group: ['gcloud', 'artifacts']
2021-05-02 07:30:08,999 DEBUG    root            Loaded Command Group: ['gcloud', 'kms']
2021-05-02 07:30:09,001 DEBUG    root            Loaded Command Group: ['gcloud', 'metastore']
2021-05-02 07:30:09,004 DEBUG    root            Loaded Command Group: ['gcloud', 'builds']
2021-05-02 07:30:09,006 DEBUG    root            No implementation for release track [GA] for element: [/opt/local/libexec/google-cloud-sdk/lib/surface/alloydb]
2021-05-02 07:30:09,007 DEBUG    root            Loaded Command Group: ['gcloud', 'container']
2021-05-02 07:30:09,008 DEBUG    root            Loaded Command Group: ['gcloud', 'data_catalog']
2021-05-02 07:30:09,011 DEBUG    root            Loaded Command Group: ['gcloud', 'version']
2021-05-02 07:30:09,012 DEBUG    root            Loaded Command Group: ['gcloud', 'cheat_sheet']
2021-05-02 07:30:09,018 DEBUG    root            Loaded Command Group: ['gcloud', 'docker']
2021-05-02 07:30:09,020 DEBUG    root            No implementation for release track [GA] for element: [/opt/local/libexec/google-cloud-sdk/lib/surface/transcoder]
2021-05-02 07:30:09,020 DEBUG    root            No implementation for release track [GA] for element: [/opt/local/libexec/google-cloud-sdk/lib/surface/edge_container]
2021-05-02 07:30:09,021 DEBUG    root            Loaded Command Group: ['gcloud', 'deployment_manager']
2021-05-02 07:30:09,023 DEBUG    root            No implementation for release track [GA] for element: [/opt/local/libexec/google-cloud-sdk/lib/surface/edge_cache]
2021-05-02 07:30:09,023 DEBUG    root            Loaded Command Group: ['gcloud', 'run']
2021-05-02 07:30:09,025 DEBUG    root            Loaded Command Group: ['gcloud', 'asset']
2021-05-02 07:30:09,027 DEBUG    root            No implementation for release track [GA] for element: [/opt/local/libexec/google-cloud-sdk/lib/surface/publicca]
2021-05-02 07:30:09,028 DEBUG    root            Loaded Command Group: ['gcloud', 'workflows']
2021-05-02 07:30:09,030 DEBUG    root            Loaded Command Group: ['gcloud', 'dataflow']
2021-05-02 07:30:09,031 DEBUG    root            No implementation for release track [GA] for element: [/opt/local/libexec/google-cloud-sdk/lib/surface/genomics]
2021-05-02 07:30:09,032 DEBUG    root            Loaded Command Group: ['gcloud', 'iap']
2021-05-02 07:30:09,033 DEBUG    root            Loaded Command Group: ['gcloud', 'composer']
2021-05-02 07:30:09,035 DEBUG    root            Loaded Command Group: ['gcloud', 'privateca']
2021-05-02 07:30:09,038 DEBUG    root            Loaded Command Group: ['gcloud', 'functions']
2021-05-02 07:30:09,039 DEBUG    root            Loaded Command Group: ['gcloud', 'active_directory']
2021-05-02 07:30:09,041 DEBUG    root            No implementation for release track [GA] for element: [/opt/local/libexec/google-cloud-sdk/lib/surface/dialogflow]
