2021-05-02 08:15:07,260 ERROR    root            (gcloud) Command name argument expected.
2021-05-02 08:15:07,261 DEBUG    root            Loaded Command Group: ['gcloud', 'filestore']
2021-05-02 08:15:07,263 DEBUG    root            No implementation for release track [GA] for element: [/opt/local/libexec/google-cloud-sdk/lib/surface/alloydb]
2021-05-02 08:15:07,263 DEBUG    root            Loaded Command Group: ['gcloud', 'kms']
2021-05-02 08:15:07,265 DEBUG    root            Loaded Command Group: ['gcloud', 'app']
2021-05-02 08:15:07,267 DEBUG    root            No implementation for release track [GA] for element: [/opt/local/libexec/google-cloud-sdk/lib/surface/genomics]
2021-05-02 08:15:07,268 DEBUG    root            Loaded Command Group: ['gcloud', 'data_catalog']
2021-05-02 08:15:07,269 DEBUG    root            Loaded Command Group: ['gcloud', 'policy_troubleshoot']
2021-05-02 08:15:07,271 DEBUG    root            Loaded Command Group: ['gcloud', 'composer']
2021-05-02 08:15:07,286 DEBUG    root            Loaded Command Group: ['gcloud', 'help']
2021-05-02 08:15:07,288 DEBUG    root            No implementation for release track [GA] for element: [/opt/local/libexec/google-cloud-sdk/lib/surface/certificate_manager]
2021-05-02 08:15:07,289 DEBUG    root            No implementation for release track [GA] for element: [/opt/local/libexec/google-cloud-sdk/lib/surface/network_services]
2021-05-02 08:15:07,290 DEBUG    root            No implementation for release track [GA] for element: [/opt/local/libexec/google-cloud-sdk/lib/surface/bq]
2021-05-02 08:15:07,290 DEBUG    root            Loaded Command Group: ['gcloud', 'resource_settings']
2021-05-02 08:15:07,292 DEBUG    root            Loaded Command Group: ['gcloud', 'dataproc']
2021-05-02 08:15:07,294 DEBUG    root            No implementation for release track [GA] for element: [/opt/local/libexec/google-cloud-sdk/lib/surface/commerce_procurement]
2021-05-02 08:15:07,295 DEBUG    root            No implementation for release track [GA] for element: [/opt/local/libexec/google-cloud-sdk/lib/surface/vmware]
2021-05-02 08:15:07,297 DEBUG    root            Loaded Command Group: ['gcloud', 'debug']
2021-05-02 08:15:07,299 DEBUG    root            No implementation for release track [GA] for element: [/opt/local/libexec/google-cloud-sdk/lib/surface/dialogflow]
2021-05-02 08:15:07,300 DEBUG    root            No implementation for release track [GA] for element: [/opt/local/libexec/google-cloud-sdk/lib/surface/web_security_scanner]
2021-05-02 08:15:07,301 DEBUG    root            Loaded Command Group: ['gcloud', 'pubsub']
2021-05-02 08:15:07,396 DEBUG    root            No implementation for release track [GA] for element: [/opt/local/libexec/google-cloud-sdk/lib/surface/events]
2021-05-02 08:15:07,397 DEBUG    root            No implementation for release track [GA] for element: [/opt/local/libexec/google-cloud-sdk/lib/surface/access_approval]
2021-05-02 08:15:07,398 DEBUG    root            Loaded Command Group: ['gcloud', 'spanner']
2021-05-02 08:15:07,442 DEBUG    root            Loaded Command Group: ['gcloud', 'ml_engine']
2021-05-02 08:15:07,444 DEBUG    root            Loaded Command Group: ['gcloud', 'database_migration']
2021-05-02 08:15:07,446 DEBUG    root            Loaded Command Group: ['gcloud', 'tasks']
2021-05-02 08:15:07,448 DEBUG    root            No implementation for release track [GA] for element: [/opt/local/libexec/google-cloud-sdk/lib/surface/data_fusion]
2021-05-02 08:15:07,449 DEBUG    root            No implementation for release track [GA] for element: [/opt/local/libexec/google-cloud-sdk/lib/surface/admin_service_cluster]
2021-05-02 08:15:07,449 DEBUG    root            Loaded Command Group: ['gcloud', 'workspace_add_ons']
2021-05-02 08:15:07,451 DEBUG    root            Loaded Command Group: ['gcloud', 'firestore']
2021-05-02 08:15:07,453 DEBUG    root            Loaded Command Group: ['gcloud', 'sql']
2021-05-02 08:15:07,455 DEBUG    root            No implementation for release track [GA] for element: [/opt/local/libexec/google-cloud-sdk/lib/surface/edge_container]
2021-05-02 08:15:07,456 DEBUG    root            Loaded Command Group: ['gcloud', 'logging']
2021-05-02 08:15:07,459 DEBUG    root            Loaded Command Group: ['gcloud', 'emulators']
2021-05-02 08:15:07,461 DEBUG    root            No implementation for release track [GA] for element: [/opt/local/libexec/google-cloud-sdk/lib/surface/media]
2021-05-02 08:15:07,462 DEBUG    root            Loaded Command Group: ['gcloud', 'service_directory']
2021-05-02 08:15:07,468 DEBUG    root            Loaded Command Group: ['gcloud', 'docker']
2021-05-02 08:15:07,473 DEBUG    root            No implementation for release track [GA] for element: [/opt/local/libexec/google-cloud-sdk/lib/surface/code]
2021-05-02 08:15:07,473 DEBUG    root            No implementation for release track [GA] for element: [/opt/local/libexec/google-cloud-sdk/lib/surface/storage]
2021-05-02 08:15:07,474 DEBUG    root            Loaded Command Group: ['gcloud', 'redis']
2021-05-02 08:15:07,476 DEBUG    root            Loaded Command Group: ['gcloud', 'workflows']
2021-05-02 08:15:07,478 DEBUG    root            No implementation for release track [GA] for element: [/opt/local/libexec/google-cloud-sdk/lib/surface/labelmanager]
2021-05-02 08:15:07,478 DEBUG    root            Loaded Command Group: ['gcloud', 'notebooks']
2021-05-02 08:15:07,480 DEBUG    root            No implementation for release track [GA] for element: [/opt/local/libexec/google-cloud-sdk/lib/surface/remote_build_execution]
2021-05-02 08:15:07,481 DEBUG    root            Loaded Command Group: ['gcloud', 'ai_platform']
2021-05-02 08:15:07,483 DEBUG    root            No implementation for release track [GA] for element: [/opt/local/libexec/google-cloud-sdk/lib/surface/transcoder]
2021-05-02 08:15:07,483 DEBUG    root            No implementation for release track [GA] for element: [/opt/local/libexec/google-cloud-sdk/lib/surface/kuberun]
2021-05-02 08:15:07,484 DEBUG    root            Loaded Command Group: ['gcloud', 'artifacts']
2021-05-02 08:15:07,486 DEBUG    root            Loaded Command Group: ['gcloud', 'access_context_manager']
2021-05-02 08:15:07,487 DEBUG    root            Loaded Command Group: ['gcloud', 'eventarc']
2021-05-02 08:15:07,686 DEBUG    root            No implementation for release track [GA] for element: [/opt/local/libexec/google-cloud-sdk/lib/surface/interactive]
2021-05-02 08:15:07,686 DEBUG    root            Loaded Command Group: ['gcloud', 'dataflow']
2021-05-02 08:15:07,688 DEBUG    root            Loaded Command Group: ['gcloud', 'deployment_manager']
2021-05-02 08:15:07,690 DEBUG    root            Loaded Command Group: ['gcloud', 'topic']
2021-05-02 08:15:07,691 DEBUG    root            Loaded Command Group: ['gcloud', 'healthcare']
2021-05-02 08:15:07,693 DEBUG    root            No implementation for release track [GA] for element: [/opt/local/libexec/google-cloud-sdk/lib/surface/edge_cache]
2021-05-02 08:15:07,694 DEBUG    root            Loaded Command Group: ['gcloud', 'identity']
2021-05-02 08:15:07,695 DEBUG    root            Loaded Command Group: ['gcloud', 'iap']
2021-05-02 08:15:07,697 DEBUG    root            Loaded Command Group: ['gcloud', 'iot']
2021-05-02 08:15:07,698 DEBUG    root            No implementation for release track [GA] for element: [/opt/local/libexec/google-cloud-sdk/lib/surface/network_connectivity]
2021-05-02 08:15:07,699 DEBUG    root            Loaded Command Group: ['gcloud', 'privateca']
2021-05-02 08:15:07,700 DEBUG    root            Loaded Command Group: ['gcloud', 'game']
2021-05-02 08:15:07,702 DEBUG    root            Loaded Command Group: ['gcloud', 'apigee']
2021-05-02 08:15:07,703 DEBUG    root            Loaded Command Group: ['gcloud', 'bigtable']
2021-05-02 08:15:07,704 DEBUG    root            Loaded Command Group: ['gcloud', 'firebase']
2021-05-02 08:15:07,705 DEBUG    root            No implementation for release track [GA] for element: [/opt/local/libexec/google-cloud-sdk/lib/surface/dlp]
2021-05-02 08:15:07,706 DEBUG    root            Loaded Command Group: ['gcloud', 'secrets']
2021-05-02 08:15:07,707 DEBUG    root            Loaded Command Group: ['gcloud', 'assured']
2021-05-02 08:15:07,774 DEBUG    root            Loaded Command Group: ['gcloud', 'compute']
2021-05-02 08:15:07,777 DEBUG    root            Loaded Command Group: ['gcloud', 'network_management']
2021-05-02 08:15:07,778 DEBUG    root            Loaded Command Group: ['gcloud', 'anthos']
2021-05-02 08:15:07,779 DEBUG    root            Loaded Command Group: ['gcloud', 'metastore']
2021-05-02 08:15:07,781 DEBUG    root            Loaded Command Group: ['gcloud', 'scheduler']
2021-05-02 08:15:07,782 DEBUG    root            Loaded Command Group: ['gcloud', 'cloud_shell']
2021-05-02 08:15:07,783 DEBUG    root            Loaded Command Group: ['gcloud', 'cheat_sheet']
2021-05-02 08:15:07,784 DEBUG    root            Loaded Command Group: ['gcloud', 'active_directory']
2021-05-02 08:15:07,786 DEBUG    root            Loaded Command Group: ['gcloud', 'org_policies']
2021-05-02 08:15:07,787 DEBUG    root            Loaded Command Group: ['gcloud', 'meta']
2021-05-02 08:15:07,788 DEBUG    root            No implementation for release track [GA] for element: [/opt/local/libexec/google-cloud-sdk/lib/surface/trace]
2021-05-02 08:15:07,789 DEBUG    root            No implementation for release track [GA] for element: [/opt/local/libexec/google-cloud-sdk/lib/surface/lifesciences]
2021-05-02 08:15:07,789 DEBUG    root            Loaded Command Group: ['gcloud', 'ai']
2021-05-02 08:15:07,791 DEBUG    root            Loaded Command Group: ['gcloud', 'run']
2021-05-02 08:15:07,792 DEBUG    root            No implementation for release track [GA] for element: [/opt/local/libexec/google-cloud-sdk/lib/surface/deploy]
2021-05-02 08:15:07,792 DEBUG    root            No implementation for release track [GA] for element: [/opt/local/libexec/google-cloud-sdk/lib/surface/recaptcha]
2021-05-02 08:15:07,793 DEBUG    root            Loaded Command Group: ['gcloud', 'config']
2021-05-02 08:15:07,795 DEBUG    root            Loaded Command Group: ['gcloud', 'container']
2021-05-02 08:15:07,796 DEBUG    root            No implementation for release track [GA] for element: [/opt/local/libexec/google-cloud-sdk/lib/surface/essential_contacts]
2021-05-02 08:15:07,797 DEBUG    root            Loaded Command Group: ['gcloud', 'monitoring']
2021-05-02 08:15:07,798 DEBUG    root            Loaded Command Group: ['gcloud', 'organizations']
2021-05-02 08:15:07,799 DEBUG    root            Loaded Command Group: ['gcloud', 'services']
2021-05-02 08:15:07,801 DEBUG    root            Loaded Command Group: ['gcloud', 'iam']
2021-05-02 08:15:07,802 DEBUG    root            Loaded Command Group: ['gcloud', 'ml']
2021-05-02 08:15:07,803 DEBUG    root            Loaded Command Group: ['gcloud', 'source']
2021-05-02 08:15:07,804 DEBUG    root            Loaded Command Group: ['gcloud', 'recommender']
2021-05-02 08:15:07,811 DEBUG    root            Loaded Command Group: ['gcloud', 'survey']
2021-05-02 08:15:07,812 DEBUG    root            No implementation for release track [GA] for element: [/opt/local/libexec/google-cloud-sdk/lib/surface/blueprints]
2021-05-02 08:15:07,827 DEBUG    root            Loaded Command Group: ['gcloud', 'init']
2021-05-02 08:15:07,829 DEBUG    root            Loaded Command Group: ['gcloud', 'builds']
2021-05-02 08:15:07,831 DEBUG    root            Loaded Command Group: ['gcloud', 'projects']
2021-05-02 08:15:07,832 DEBUG    root            Loaded Command Group: ['gcloud', 'resource_manager']
2021-05-02 08:15:07,834 DEBUG    root            No implementation for release track [GA] for element: [/opt/local/libexec/google-cloud-sdk/lib/surface/runtime_config]
2021-05-02 08:15:07,835 DEBUG    root            Loaded Command Group: ['gcloud', 'api_gateway']
2021-05-02 08:15:07,836 DEBUG    root            Loaded Command Group: ['gcloud', 'asset']
2021-05-02 08:15:07,838 DEBUG    root            No implementation for release track [GA] for element: [/opt/local/libexec/google-cloud-sdk/lib/surface/error_reporting]
2021-05-02 08:15:07,838 DEBUG    root            Loaded Command Group: ['gcloud', 'billing']
2021-05-02 08:15:07,839 DEBUG    root            Loaded Command Group: ['gcloud', 'domains']
2021-05-02 08:15:07,846 DEBUG    root            Loaded Command Group: ['gcloud', 'feedback']
2021-05-02 08:15:07,848 DEBUG    root            Loaded Command Group: ['gcloud', 'info']
2021-05-02 08:15:07,849 DEBUG    root            Loaded Command Group: ['gcloud', 'version']
2021-05-02 08:15:07,850 DEBUG    root            Loaded Command Group: ['gcloud', 'scc']
2021-05-02 08:15:07,852 DEBUG    root            No implementation for release track [GA] for element: [/opt/local/libexec/google-cloud-sdk/lib/surface/network_security]
2021-05-02 08:15:07,852 DEBUG    root            Loaded Command Group: ['gcloud', 'datastore']
2021-05-02 08:15:07,854 DEBUG    root            Loaded Command Group: ['gcloud', 'functions']
2021-05-02 08:15:07,856 DEBUG    root            Loaded Command Group: ['gcloud', 'endpoints']
2021-05-02 08:15:07,857 DEBUG    root            Loaded Command Group: ['gcloud', 'components']
2021-05-02 08:15:07,858 DEBUG    root            Loaded Command Group: ['gcloud', 'memcache']
2021-05-02 08:15:07,860 DEBUG    root            Loaded Command Group: ['gcloud', 'auth']
2021-05-02 08:15:07,861 DEBUG    root            Loaded Command Group: ['gcloud', 'dns']
2021-05-02 08:15:07,862 DEBUG    root            No implementation for release track [GA] for element: [/opt/local/libexec/google-cloud-sdk/lib/surface/resource_config]
2021-05-02 08:15:07,863 DEBUG    root            No implementation for release track [GA] for element: [/opt/local/libexec/google-cloud-sdk/lib/surface/publicca]
