2021-05-02 08:16:25,364 DEBUG    root            Loaded Command Group: ['gcloud', 'auth']
2021-05-02 08:16:25,438 DEBUG    root            Loaded Command Group: ['gcloud', 'auth', 'login']
2021-05-02 08:16:25,440 DEBUG    root            Running [gcloud.auth.login] with arguments: []
2021-05-02 08:16:25,458 DEBUG    requests_oauthlib.oauth2_session Generated new state Gzd7LPTV533SCGcaDljMs5baC3fQf7.
2021-05-02 08:16:25,620 INFO     ___FILE_ONLY___ Your browser has been opened to visit:

    https://accounts.google.com/o/oauth2/auth?response_type=code&client_id=32555940559.apps.googleusercontent.com&redirect_uri=http%3A%2F%2Flocalhost%3A8085%2F&scope=openid+https%3A%2F%2Fwww.googleapis.com%2Fauth%2Fuserinfo.email+https%3A%2F%2Fwww.googleapis.com%2Fauth%2Fcloud-platform+https%3A%2F%2Fwww.googleapis.com%2Fauth%2Fappengine.admin+https%3A%2F%2Fwww.googleapis.com%2Fauth%2Fcompute+https%3A%2F%2Fwww.googleapis.com%2Fauth%2Faccounts.reauth&state=Gzd7LPTV533SCGcaDljMs5baC3fQf7&access_type=offline&code_challenge=U_aGVocF2A-wrio5Kepn0S4kyq67kZqSMfLHmrE3RNM&code_challenge_method=S256


2021-05-02 08:16:33,332 INFO     google_auth_oauthlib.flow "GET /?state=Gzd7LPTV533SCGcaDljMs5baC3fQf7&code=4/0AY0e-g6iQ_SFqyxxaxtCyW2520TR8kc1T2Ovo3rgKlO05ERVpAHwnP2O4pkC2a6P0NRkkg&scope=email%20openid%20https://www.googleapis.com/auth/userinfo.email%20https://www.googleapis.com/auth/cloud-platform%20https://www.googleapis.com/auth/appengine.admin%20https://www.googleapis.com/auth/compute%20https://www.googleapis.com/auth/accounts.reauth&authuser=0&hd=treesentertainment.com&prompt=consent HTTP/1.1" 200 959
2021-05-02 08:16:33,333 DEBUG    requests_oauthlib.oauth2_session Requesting url https://oauth2.googleapis.com/token using method POST.
2021-05-02 08:16:33,334 DEBUG    requests_oauthlib.oauth2_session Supplying headers {b'Accept': b'application/json', b'Content-Type': b'application/x-www-form-urlencoded;charset=UTF-8', b'user-agent': b'google-cloud-sdk gcloud/338.0.0 command/gcloud.auth.login invocation-id/8932c233be6a430a8c5db7d17fab0be3 environment/None environment-version/None interactive/True from-script/False python/3.9.4 term/xterm-256color (Macintosh; Intel Mac OS X 20.4.0)'} and data {'grant_type': 'authorization_code', 'client_id': '32555940559.apps.googleusercontent.com', 'client_secret': 'ZmssLNjJy2998hD4CTg2ejr2', 'code': '4/0AY0e-g6iQ_SFqyxxaxtCyW2520TR8kc1T2Ovo3rgKlO05ERVpAHwnP2O4pkC2a6P0NRkkg', 'redirect_uri': 'http://localhost:8085/', 'code_verifier': '3YLaC4ypoW~JgNz_zYyCF4qS~D.EKh8hRd8Sf98he9SUuPyh2JQVMZ0Ff-JtW3E-If58CzXIjGCXEL4XPG6YKg87X.y2fL_sD_zL6aLgrZ~bEbcZ7vv-ET0p90bYeZKx'}
2021-05-02 08:16:33,334 DEBUG    requests_oauthlib.oauth2_session Passing through key word arguments {'json': None, 'timeout': None, 'auth': None, 'verify': True, 'proxies': None}.
2021-05-02 08:16:33,343 DEBUG    urllib3.connectionpool Starting new HTTPS connection (1): oauth2.googleapis.com:443
2021-05-02 08:16:33,496 DEBUG    urllib3.connectionpool https://oauth2.googleapis.com:443 "POST /token HTTP/1.1" 200 None
2021-05-02 08:16:33,497 DEBUG    requests_oauthlib.oauth2_session Prepared fetch token request body grant_type=authorization_code&client_id=32555940559.apps.googleusercontent.com&client_secret=ZmssLNjJy2998hD4CTg2ejr2&code=4%2F0AY0e-g6iQ_SFqyxxaxtCyW2520TR8kc1T2Ovo3rgKlO05ERVpAHwnP2O4pkC2a6P0NRkkg&redirect_uri=http%3A%2F%2Flocalhost%3A8085%2F&code_verifier=3YLaC4ypoW~JgNz_zYyCF4qS~D.EKh8hRd8Sf98he9SUuPyh2JQVMZ0Ff-JtW3E-If58CzXIjGCXEL4XPG6YKg87X.y2fL_sD_zL6aLgrZ~bEbcZ7vv-ET0p90bYeZKx
2021-05-02 08:16:33,497 DEBUG    requests_oauthlib.oauth2_session Request to fetch token completed with status 200.
2021-05-02 08:16:33,497 DEBUG    requests_oauthlib.oauth2_session Request headers were {'user-agent': b'google-cloud-sdk gcloud/338.0.0 command/gcloud.auth.login invocation-id/8932c233be6a430a8c5db7d17fab0be3 environment/None environment-version/None interactive/True from-script/False python/3.9.4 term/xterm-256color (Macintosh; Intel Mac OS X 20.4.0)', 'Accept-Encoding': 'gzip, deflate', 'Accept': b'application/json', 'Connection': 'keep-alive', 'Content-Type': b'application/x-www-form-urlencoded;charset=UTF-8', 'Content-Length': '387'}
2021-05-02 08:16:33,497 DEBUG    requests_oauthlib.oauth2_session Request body was grant_type=authorization_code&client_id=32555940559.apps.googleusercontent.com&client_secret=ZmssLNjJy2998hD4CTg2ejr2&code=4%2F0AY0e-g6iQ_SFqyxxaxtCyW2520TR8kc1T2Ovo3rgKlO05ERVpAHwnP2O4pkC2a6P0NRkkg&redirect_uri=http%3A%2F%2Flocalhost%3A8085%2F&code_verifier=3YLaC4ypoW~JgNz_zYyCF4qS~D.EKh8hRd8Sf98he9SUuPyh2JQVMZ0Ff-JtW3E-If58CzXIjGCXEL4XPG6YKg87X.y2fL_sD_zL6aLgrZ~bEbcZ7vv-ET0p90bYeZKx
2021-05-02 08:16:33,497 DEBUG    requests_oauthlib.oauth2_session Response headers were {'Cache-Control': 'no-cache, no-store, max-age=0, must-revalidate', 'Pragma': 'no-cache', 'Expires': 'Mon, 01 Jan 1990 00:00:00 GMT', 'Date': 'Sun, 02 May 2021 13:16:33 GMT', 'Content-Type': 'application/json; charset=utf-8', 'Vary': 'Origin, X-Origin, Referer', 'Content-Encoding': 'gzip', 'Server': 'scaffolding on HTTPServer2', 'X-XSS-Protection': '0', 'X-Frame-Options': 'SAMEORIGIN', 'X-Content-Type-Options': 'nosniff', 'Alt-Svc': 'h3-29=":443"; ma=2592000,h3-T051=":443"; ma=2592000,h3-Q050=":443"; ma=2592000,h3-Q046=":443"; ma=2592000,h3-Q043=":443"; ma=2592000,quic=":443"; ma=2592000; v="46,43"', 'Transfer-Encoding': 'chunked'} and content {
  "access_token": "ya29.a0AfH6SMBU0pUo7V9THKgcxwnhGwaqIfnxzK8Ma0a3mVOl8k5tjRJ-1oeKlLJrjdw2NfMON_mm24qIbT2c9zDLMXTMsH1ZgUyEedZf4h3aCakfLfwrrVZT2zBadIcYjLbkmcXWlRgZ8gHTMjX4YUG57g6fW5FbTRqEmQq-",
  "expires_in": 3599,
  "refresh_token": "1//04-WX9tI-jw5cCgYIARAAGAQSNwF-L9Ir1AwPYGm22Y0WcEOOQ9v6AR8Bme2txuK4w0AwUs8t-Pb-3WoOcuSxJOr_tND0csbgrY4",
  "scope": "openid https://www.googleapis.com/auth/userinfo.email https://www.googleapis.com/auth/compute https://www.googleapis.com/auth/accounts.reauth https://www.googleapis.com/auth/appengine.admin https://www.googleapis.com/auth/cloud-platform",
  "token_type": "Bearer",
  "id_token": "eyJhbGciOiJSUzI1NiIsImtpZCI6Ijc3MjA5MTA0Y2NkODkwYTVhZWRkNjczM2UwMjUyZjU0ZTg4MmYxM2MiLCJ0eXAiOiJKV1QifQ.eyJpc3MiOiJodHRwczovL2FjY291bnRzLmdvb2dsZS5jb20iLCJhenAiOiIzMjU1NTk0MDU1OS5hcHBzLmdvb2dsZXVzZXJjb250ZW50LmNvbSIsImF1ZCI6IjMyNTU1OTQwNTU5LmFwcHMuZ29vZ2xldXNlcmNvbnRlbnQuY29tIiwic3ViIjoiMTAwMTUyMTkzODE4NDEwMzM0MjQ1IiwiaGQiOiJ0cmVlc2VudGVydGFpbm1lbnQuY29tIiwiZW1haWwiOiJhZG1pbkB0cmVlc2VudGVydGFpbm1lbnQuY29tIiwiZW1haWxfdmVyaWZpZWQiOnRydWUsImF0X2hhc2giOiJJNS1reUFzNVp4MXRKdGJLbEtCdzhRIiwiaWF0IjoxNjE5OTYxMzkzLCJleHAiOjE2MTk5NjQ5OTN9.F0Q2Un_EYiTEnd_hqXb4yX1NCzCX39suECbpvZnozVlxIuof8aKgUm2S3RztyFAsPm_wjjaZ4I33UMabK-L9VHvwradsMoTHZyzRvz-yUAZY2eJm5wsaUHeZrcwNmcG92xnKSWIPalcINt3SmZSDIVjuJbPc7fPqZx8cUACG3gUAb4TO234AFtw6Tg8a7A1S-fZvmgPVdY_eRGXkjz1-ks2yumaBpCcy6DXGiJsyJ_NHROaZIVy9Kj3jhu0JK5ENYF5Ok-rea0U0R801R9ftW1t3X44HLuUrvTbsHYA7ypymv2Lv2uwg9wUDB0Gi-BARlVtdUo5kOkMXSQL3aM8COQ"
}.
2021-05-02 08:16:33,497 DEBUG    requests_oauthlib.oauth2_session Invoking 0 token response hooks.
2021-05-02 08:16:33,498 DEBUG    requests_oauthlib.oauth2_session Obtained token {'access_token': 'ya29.a0AfH6SMBU0pUo7V9THKgcxwnhGwaqIfnxzK8Ma0a3mVOl8k5tjRJ-1oeKlLJrjdw2NfMON_mm24qIbT2c9zDLMXTMsH1ZgUyEedZf4h3aCakfLfwrrVZT2zBadIcYjLbkmcXWlRgZ8gHTMjX4YUG57g6fW5FbTRqEmQq-', 'expires_in': 3599, 'refresh_token': '1//04-WX9tI-jw5cCgYIARAAGAQSNwF-L9Ir1AwPYGm22Y0WcEOOQ9v6AR8Bme2txuK4w0AwUs8t-Pb-3WoOcuSxJOr_tND0csbgrY4', 'scope': ['openid', 'https://www.googleapis.com/auth/userinfo.email', 'https://www.googleapis.com/auth/compute', 'https://www.googleapis.com/auth/accounts.reauth', 'https://www.googleapis.com/auth/appengine.admin', 'https://www.googleapis.com/auth/cloud-platform'], 'token_type': 'Bearer', 'id_token': 'eyJhbGciOiJSUzI1NiIsImtpZCI6Ijc3MjA5MTA0Y2NkODkwYTVhZWRkNjczM2UwMjUyZjU0ZTg4MmYxM2MiLCJ0eXAiOiJKV1QifQ.eyJpc3MiOiJodHRwczovL2FjY291bnRzLmdvb2dsZS5jb20iLCJhenAiOiIzMjU1NTk0MDU1OS5hcHBzLmdvb2dsZXVzZXJjb250ZW50LmNvbSIsImF1ZCI6IjMyNTU1OTQwNTU5LmFwcHMuZ29vZ2xldXNlcmNvbnRlbnQuY29tIiwic3ViIjoiMTAwMTUyMTkzODE4NDEwMzM0MjQ1IiwiaGQiOiJ0cmVlc2VudGVydGFpbm1lbnQuY29tIiwiZW1haWwiOiJhZG1pbkB0cmVlc2VudGVydGFpbm1lbnQuY29tIiwiZW1haWxfdmVyaWZpZWQiOnRydWUsImF0X2hhc2giOiJJNS1reUFzNVp4MXRKdGJLbEtCdzhRIiwiaWF0IjoxNjE5OTYxMzkzLCJleHAiOjE2MTk5NjQ5OTN9.F0Q2Un_EYiTEnd_hqXb4yX1NCzCX39suECbpvZnozVlxIuof8aKgUm2S3RztyFAsPm_wjjaZ4I33UMabK-L9VHvwradsMoTHZyzRvz-yUAZY2eJm5wsaUHeZrcwNmcG92xnKSWIPalcINt3SmZSDIVjuJbPc7fPqZx8cUACG3gUAb4TO234AFtw6Tg8a7A1S-fZvmgPVdY_eRGXkjz1-ks2yumaBpCcy6DXGiJsyJ_NHROaZIVy9Kj3jhu0JK5ENYF5Ok-rea0U0R801R9ftW1t3X44HLuUrvTbsHYA7ypymv2Lv2uwg9wUDB0Gi-BARlVtdUo5kOkMXSQL3aM8COQ', 'expires_at': 1619964992.4980228}.
2021-05-02 08:16:33,504 INFO     ___FILE_ONLY___ 
You are now logged in as [admin@treesentertainment.com].
Your current project is [None].  You can change this setting by running:
  $ gcloud config set project PROJECT_ID

2021-05-02 08:16:33,505 INFO     root            Display format: "none"
2021-05-02 08:16:33,628 DEBUG    root            SDK update checks are disabled.
