2021-02-05 22:36:53,315 DEBUG    root            Loaded Command Group: ['gcloud', 'init']
2021-02-05 22:36:53,318 DEBUG    root            Running [gcloud.init] with arguments: []
2021-02-05 22:36:53,318 INFO     ___FILE_ONLY___ Welcome! This command will take you through the configuration of gcloud.


2021-02-05 22:36:53,320 INFO     ___FILE_ONLY___ Your current configuration has been set to: [default]


2021-02-05 22:36:53,320 INFO     ___FILE_ONLY___ You can skip diagnostics next time by using the following flag:

2021-02-05 22:36:53,320 INFO     ___FILE_ONLY___   gcloud init --skip-diagnostics


2021-02-05 22:36:53,320 INFO     ___FILE_ONLY___ Network diagnostic detects and fixes local network connection issues.

2021-02-05 22:36:53,321 INFO     ___FILE_ONLY___ Checking network connection...
2021-02-05 22:58:32,936 DEBUG    urllib3.connectionpool Starting new HTTPS connection (1): accounts.google.com:443
2021-02-05 22:58:33,037 DEBUG    urllib3.connectionpool https://accounts.google.com:443 "GET / HTTP/1.1" 302 338
2021-02-05 22:58:33,134 DEBUG    urllib3.connectionpool https://accounts.google.com:443 "GET /ServiceLogin?passive=1209600&continue=https%3A%2F%2Faccounts.google.com%2F&followup=https%3A%2F%2Faccounts.google.com%2F HTTP/1.1" 200 None
2021-02-05 22:58:33,166 DEBUG    urllib3.connectionpool Starting new HTTPS connection (1): cloudresourcemanager.googleapis.com:443
2021-02-05 22:58:33,265 DEBUG    urllib3.connectionpool https://cloudresourcemanager.googleapis.com:443 "GET /v1beta1/projects HTTP/1.1" 401 None
2021-02-05 22:58:33,269 DEBUG    urllib3.connectionpool Starting new HTTPS connection (1): www.googleapis.com:443
2021-02-05 22:58:33,438 DEBUG    urllib3.connectionpool https://www.googleapis.com:443 "GET /auth/cloud-platform HTTP/1.1" 200 None
2021-02-05 22:58:33,440 DEBUG    urllib3.connectionpool Starting new HTTPS connection (1): dl.google.com:443
2021-02-05 22:58:33,603 DEBUG    urllib3.connectionpool https://dl.google.com:443 "GET /dl/cloudsdk/channels/rapid/components-2.json HTTP/1.1" 200 143607
2021-02-05 22:58:33,767 ERROR    root            Reachability Check failed.
    Cannot reach https://accounts.google.com with httplib2 (timeout)
    Cannot reach https://cloudresourcemanager.googleapis.com/v1beta1/projects with httplib2 (timeout)
    Cannot reach https://www.googleapis.com/auth/cloud-platform with httplib2 (timeout)
    Cannot reach https://dl.google.com/dl/cloudsdk/channels/rapid/components-2.json with httplib2 (timeout)
Network connection problems may be due to proxy or firewall settings.

2021-02-05 22:58:33,768 INFO     ___FILE_ONLY___ 

