2021-02-05 22:36:40,311 ERROR    root            (gcloud) Command name argument expected.
2021-02-05 22:36:40,313 DEBUG    root            Loaded Command Group: ['gcloud', 'redis']
2021-02-05 22:36:40,316 DEBUG    root            Loaded Command Group: ['gcloud', 'iam']
2021-02-05 22:36:40,319 DEBUG    root            Loaded Command Group: ['gcloud', 'iot']
2021-02-05 22:36:40,321 DEBUG    root            Loaded Command Group: ['gcloud', 'kms']
2021-02-05 22:36:40,324 DEBUG    root            Loaded Command Group: ['gcloud', 'identity']
2021-02-05 22:36:40,326 DEBUG    root            Loaded Command Group: ['gcloud', 'scheduler']
2021-02-05 22:36:40,329 DEBUG    root            Loaded Command Group: ['gcloud', 'firestore']
2021-02-05 22:36:40,331 DEBUG    root            No implementation for release track [GA] for element: [/opt/local/libexec/google-cloud-sdk/lib/surface/trace]
2021-02-05 22:36:40,332 DEBUG    root            Loaded Command Group: ['gcloud', 'sql']
2021-02-05 22:36:40,335 DEBUG    root            No implementation for release track [GA] for element: [/opt/local/libexec/google-cloud-sdk/lib/surface/dialogflow]
2021-02-05 22:36:40,336 DEBUG    root            Loaded Command Group: ['gcloud', 'domains']
2021-02-05 22:36:40,382 DEBUG    root            Loaded Command Group: ['gcloud', 'container']
2021-02-05 22:36:40,386 DEBUG    root            Loaded Command Group: ['gcloud', 'debug']
2021-02-05 22:36:40,439 DEBUG    root            Loaded Command Group: ['gcloud', 'ml_engine']
2021-02-05 22:36:40,454 DEBUG    root            Loaded Command Group: ['gcloud', 'projects']
2021-02-05 22:36:40,457 DEBUG    root            Loaded Command Group: ['gcloud', 'topic']
2021-02-05 22:36:40,459 DEBUG    root            Loaded Command Group: ['gcloud', 'access_context_manager']
2021-02-05 22:36:40,701 DEBUG    root            No implementation for release track [GA] for element: [/opt/local/libexec/google-cloud-sdk/lib/surface/interactive]
2021-02-05 22:36:40,702 DEBUG    root            No implementation for release track [GA] for element: [/opt/local/libexec/google-cloud-sdk/lib/surface/transcoder]
2021-02-05 22:36:40,714 DEBUG    root            Loaded Command Group: ['gcloud', 'docker']
2021-02-05 22:36:40,717 DEBUG    root            Loaded Command Group: ['gcloud', 'org_policies']
2021-02-05 22:36:40,720 DEBUG    root            Loaded Command Group: ['gcloud', 'apigee']
2021-02-05 22:36:40,722 DEBUG    root            Loaded Command Group: ['gcloud', 'game']
2021-02-05 22:36:40,724 DEBUG    root            Loaded Command Group: ['gcloud', 'eventarc']
2021-02-05 22:36:40,726 DEBUG    root            No implementation for release track [GA] for element: [/opt/local/libexec/google-cloud-sdk/lib/surface/genomics]
2021-02-05 22:36:40,727 DEBUG    root            No implementation for release track [GA] for element: [/opt/local/libexec/google-cloud-sdk/lib/surface/storage]
2021-02-05 22:36:40,728 DEBUG    root            Loaded Command Group: ['gcloud', 'ai_platform']
2021-02-05 22:36:40,730 DEBUG    root            No implementation for release track [GA] for element: [/opt/local/libexec/google-cloud-sdk/lib/surface/recaptcha]
2021-02-05 22:36:40,731 DEBUG    root            No implementation for release track [GA] for element: [/opt/local/libexec/google-cloud-sdk/lib/surface/metastore]
2021-02-05 22:36:40,732 DEBUG    root            Loaded Command Group: ['gcloud', 'composer']
2021-02-05 22:36:40,734 DEBUG    root            Loaded Command Group: ['gcloud', 'cloud_shell']
2021-02-05 22:36:40,736 DEBUG    root            No implementation for release track [GA] for element: [/opt/local/libexec/google-cloud-sdk/lib/surface/admin_service_cluster]
2021-02-05 22:36:40,737 DEBUG    root            Loaded Command Group: ['gcloud', 'endpoints']
2021-02-05 22:36:40,739 DEBUG    root            Loaded Command Group: ['gcloud', 'service_directory']
2021-02-05 22:36:40,742 DEBUG    root            Loaded Command Group: ['gcloud', 'builds']
2021-02-05 22:36:40,744 DEBUG    root            Loaded Command Group: ['gcloud', 'anthos']
2021-02-05 22:36:40,746 DEBUG    root            Loaded Command Group: ['gcloud', 'app']
2021-02-05 22:36:40,748 DEBUG    root            Loaded Command Group: ['gcloud', 'tasks']
2021-02-05 22:36:40,750 DEBUG    root            Loaded Command Group: ['gcloud', 'scc']
2021-02-05 22:36:40,760 DEBUG    root            Loaded Command Group: ['gcloud', 'survey']
2021-02-05 22:36:40,762 DEBUG    root            Loaded Command Group: ['gcloud', 'api_gateway']
2021-02-05 22:36:40,763 DEBUG    root            No implementation for release track [GA] for element: [/opt/local/libexec/google-cloud-sdk/lib/surface/edge_cache]
2021-02-05 22:36:40,764 DEBUG    root            No implementation for release track [GA] for element: [/opt/local/libexec/google-cloud-sdk/lib/surface/bq]
2021-02-05 22:36:40,765 DEBUG    root            Loaded Command Group: ['gcloud', 'memcache']
2021-02-05 22:36:40,769 DEBUG    root            No implementation for release track [GA] for element: [/opt/local/libexec/google-cloud-sdk/lib/surface/runtime_config]
2021-02-05 22:36:40,770 DEBUG    root            Loaded Command Group: ['gcloud', 'cheat_sheet']
2021-02-05 22:36:40,772 DEBUG    root            Loaded Command Group: ['gcloud', 'logging']
2021-02-05 22:36:40,775 DEBUG    root            Loaded Command Group: ['gcloud', 'meta']
2021-02-05 22:36:40,791 DEBUG    root            Loaded Command Group: ['gcloud', 'info']
2021-02-05 22:36:40,793 DEBUG    root            No implementation for release track [GA] for element: [/opt/local/libexec/google-cloud-sdk/lib/surface/ai]
2021-02-05 22:36:40,794 DEBUG    root            Loaded Command Group: ['gcloud', 'resource_manager']
2021-02-05 22:36:40,797 DEBUG    root            Loaded Command Group: ['gcloud', 'pubsub']
2021-02-05 22:36:40,799 DEBUG    root            Loaded Command Group: ['gcloud', 'firebase']
2021-02-05 22:36:40,801 DEBUG    root            No implementation for release track [GA] for element: [/opt/local/libexec/google-cloud-sdk/lib/surface/web_security_scanner]
2021-02-05 22:36:40,803 DEBUG    root            No implementation for release track [GA] for element: [/opt/local/libexec/google-cloud-sdk/lib/surface/network_connectivity]
2021-02-05 22:36:40,815 DEBUG    root            Loaded Command Group: ['gcloud', 'help']
2021-02-05 22:36:40,818 DEBUG    root            Loaded Command Group: ['gcloud', 'version']
2021-02-05 22:36:40,820 DEBUG    root            No implementation for release track [GA] for element: [/opt/local/libexec/google-cloud-sdk/lib/surface/vmware]
2021-02-05 22:36:40,821 DEBUG    root            Loaded Command Group: ['gcloud', 'data_catalog']
2021-02-05 22:36:40,823 DEBUG    root            No implementation for release track [GA] for element: [/opt/local/libexec/google-cloud-sdk/lib/surface/emulators]
2021-02-05 22:36:40,825 DEBUG    root            No implementation for release track [GA] for element: [/opt/local/libexec/google-cloud-sdk/lib/surface/error_reporting]
2021-02-05 22:36:40,827 DEBUG    root            Loaded Command Group: ['gcloud', 'monitoring']
2021-02-05 22:36:40,830 DEBUG    root            Loaded Command Group: ['gcloud', 'config']
2021-02-05 22:36:40,833 DEBUG    root            No implementation for release track [GA] for element: [/opt/local/libexec/google-cloud-sdk/lib/surface/assured]
2021-02-05 22:36:40,834 DEBUG    root            No implementation for release track [GA] for element: [/opt/local/libexec/google-cloud-sdk/lib/surface/kuberun]
2021-02-05 22:36:40,835 DEBUG    root            No implementation for release track [GA] for element: [/opt/local/libexec/google-cloud-sdk/lib/surface/privateca]
2021-02-05 22:36:40,837 DEBUG    root            Loaded Command Group: ['gcloud', 'organizations']
2021-02-05 22:36:40,840 DEBUG    root            Loaded Command Group: ['gcloud', 'network_management']
2021-02-05 22:36:40,842 DEBUG    root            Loaded Command Group: ['gcloud', 'dns']
2021-02-05 22:36:40,845 DEBUG    root            No implementation for release track [GA] for element: [/opt/local/libexec/google-cloud-sdk/lib/surface/edge_container]
2021-02-05 22:36:40,847 DEBUG    root            No implementation for release track [GA] for element: [/opt/local/libexec/google-cloud-sdk/lib/surface/data_fusion]
2021-02-05 22:36:40,848 DEBUG    root            No implementation for release track [GA] for element: [/opt/local/libexec/google-cloud-sdk/lib/surface/essential_contacts]
2021-02-05 22:36:40,850 DEBUG    root            Loaded Command Group: ['gcloud', 'iap']
2021-02-05 22:36:40,852 DEBUG    root            Loaded Command Group: ['gcloud', 'policy_troubleshoot']
2021-02-05 22:36:40,855 DEBUG    root            Loaded Command Group: ['gcloud', 'source']
2021-02-05 22:36:40,858 DEBUG    root            Loaded Command Group: ['gcloud', 'auth']
2021-02-05 22:36:40,933 DEBUG    root            No implementation for release track [GA] for element: [/opt/local/libexec/google-cloud-sdk/lib/surface/events]
2021-02-05 22:36:40,935 DEBUG    root            No implementation for release track [GA] for element: [/opt/local/libexec/google-cloud-sdk/lib/surface/network_security]
2021-02-05 22:36:40,936 DEBUG    root            Loaded Command Group: ['gcloud', 'notebooks']
2021-02-05 22:36:40,943 DEBUG    root            Loaded Command Group: ['gcloud', 'feedback']
2021-02-05 22:36:40,945 DEBUG    root            No implementation for release track [GA] for element: [/opt/local/libexec/google-cloud-sdk/lib/surface/commerce_procurement]
2021-02-05 22:36:40,947 DEBUG    root            Loaded Command Group: ['gcloud', 'billing']
2021-02-05 22:36:40,949 DEBUG    root            Loaded Command Group: ['gcloud', 'asset']
2021-02-05 22:36:40,952 DEBUG    root            Loaded Command Group: ['gcloud', 'filestore']
2021-02-05 22:36:41,064 DEBUG    root            Loaded Command Group: ['gcloud', 'compute']
2021-02-05 22:36:41,068 DEBUG    root            Loaded Command Group: ['gcloud', 'artifacts']
2021-02-05 22:36:41,071 DEBUG    root            Loaded Command Group: ['gcloud', 'workflows']
2021-02-05 22:36:41,073 DEBUG    root            Loaded Command Group: ['gcloud', 'bigtable']
2021-02-05 22:36:41,076 DEBUG    root            Loaded Command Group: ['gcloud', 'dataproc']
2021-02-05 22:36:41,080 DEBUG    root            Loaded Command Group: ['gcloud', 'spanner']
2021-02-05 22:36:41,083 DEBUG    root            Loaded Command Group: ['gcloud', 'run']
2021-02-05 22:36:41,086 DEBUG    root            No implementation for release track [GA] for element: [/opt/local/libexec/google-cloud-sdk/lib/surface/certificate_manager]
2021-02-05 22:36:41,087 DEBUG    root            No implementation for release track [GA] for element: [/opt/local/libexec/google-cloud-sdk/lib/surface/remote_build_execution]
2021-02-05 22:36:41,089 DEBUG    root            Loaded Command Group: ['gcloud', 'recommender']
2021-02-05 22:36:41,091 DEBUG    root            Loaded Command Group: ['gcloud', 'workspace_add_ons']
2021-02-05 22:36:41,094 DEBUG    root            Loaded Command Group: ['gcloud', 'components']
2021-02-05 22:36:41,097 DEBUG    root            Loaded Command Group: ['gcloud', 'datastore']
2021-02-05 22:36:41,100 DEBUG    root            No implementation for release track [GA] for element: [/opt/local/libexec/google-cloud-sdk/lib/surface/labelmanager]
2021-02-05 22:36:41,102 DEBUG    root            No implementation for release track [GA] for element: [/opt/local/libexec/google-cloud-sdk/lib/surface/network_services]
2021-02-05 22:36:41,105 DEBUG    root            Loaded Command Group: ['gcloud', 'functions']
2021-02-05 22:36:41,108 DEBUG    root            Loaded Command Group: ['gcloud', 'healthcare']
2021-02-05 22:36:41,111 DEBUG    root            Loaded Command Group: ['gcloud', 'database_migration']
2021-02-05 22:36:41,114 DEBUG    root            Loaded Command Group: ['gcloud', 'ml']
2021-02-05 22:36:41,116 DEBUG    root            No implementation for release track [GA] for element: [/opt/local/libexec/google-cloud-sdk/lib/surface/lifesciences]
2021-02-05 22:36:41,117 DEBUG    root            No implementation for release track [GA] for element: [/opt/local/libexec/google-cloud-sdk/lib/surface/access_approval]
2021-02-05 22:36:41,119 DEBUG    root            Loaded Command Group: ['gcloud', 'services']
2021-02-05 22:36:41,121 DEBUG    root            Loaded Command Group: ['gcloud', 'secrets']
2021-02-05 22:36:41,124 DEBUG    root            Loaded Command Group: ['gcloud', 'dataflow']
2021-02-05 22:36:41,126 DEBUG    root            No implementation for release track [GA] for element: [/opt/local/libexec/google-cloud-sdk/lib/surface/dlp]
2021-02-05 22:36:41,128 DEBUG    root            Loaded Command Group: ['gcloud', 'deployment_manager']
2021-02-05 22:36:41,130 DEBUG    root            Loaded Command Group: ['gcloud', 'active_directory']
2021-02-05 22:36:41,140 DEBUG    root            Loaded Command Group: ['gcloud', 'init']
2021-02-05 22:36:41,145 DEBUG    root            No implementation for release track [GA] for element: [/opt/local/libexec/google-cloud-sdk/lib/surface/code]
2021-02-05 22:36:41,146 DEBUG    root            No implementation for release track [GA] for element: [/opt/local/libexec/google-cloud-sdk/lib/surface/resource_settings]
2021-02-05 22:36:43,803 DEBUG    root            Metrics reporting process started...
