find_header: checking for yaml.h... -------------------- yes

"gcc -fdeclspec -o conftest -I../../.ext/include/x86_64-darwin20 -I../.././include -I../.././ext/psych -D_XOPEN_SOURCE -D_DARWIN_C_SOURCE -D_DARWIN_UNLIMITED_SELECT -D_REENTRANT   -O3 -I/opt/local/include -fno-common -pipe conftest.c  -L. -L../.. -L. -L/opt/local/lib -fstack-protector-strong -L/usr/local/lib     -lruby.3.0-static -framework Security -framework Foundation -lpthread -lgmp -ldl -lobjc   "
checked program was:
/* begin */
1: #include "ruby.h"
2: 
3: int main(int argc, char **argv)
4: {
5:   return !!argv[argc];
6: }
/* end */

"gcc -E -I../../.ext/include/x86_64-darwin20 -I../.././include -I../.././ext/psych -D_XOPEN_SOURCE -D_DARWIN_C_SOURCE -D_DARWIN_UNLIMITED_SELECT -D_REENTRANT   -O3 -I/opt/local/include -fno-common -pipe  conftest.c -o conftest.i"
checked program was:
/* begin */
1: #include "ruby.h"
2: 
3: #include <yaml.h>
/* end */

--------------------

find_library: checking for yaml_get_version() in -lyaml... -------------------- yes

"gcc -fdeclspec -o conftest -I../../.ext/include/x86_64-darwin20 -I../.././include -I../.././ext/psych -D_XOPEN_SOURCE -D_DARWIN_C_SOURCE -D_DARWIN_UNLIMITED_SELECT -D_REENTRANT   -O3 -I/opt/local/include -fno-common -pipe conftest.c  -L. -L../.. -L. -L/opt/local/lib -fstack-protector-strong -L/usr/local/lib     -lruby.3.0-static -framework Security -framework Foundation -lpthread -lgmp -ldl -lobjc -lyaml   "
conftest.c:14:57: error: use of undeclared identifier 'yaml_get_version'
int t(void) { void ((*volatile p)()); p = (void ((*)()))yaml_get_version; return !p; }
                                                        ^
1 error generated.
checked program was:
/* begin */
 1: #include "ruby.h"
 2: 
 3: /*top*/
 4: extern int t(void);
 5: int main(int argc, char **argv)
 6: {
 7:   if (argc > 1000000) {
 8:     int (* volatile tp)(void)=(int (*)(void))&t;
 9:     printf("%d", (*tp)());
10:   }
11: 
12:   return !!argv[argc];
13: }
14: int t(void) { void ((*volatile p)()); p = (void ((*)()))yaml_get_version; return !p; }
/* end */

"gcc -fdeclspec -o conftest -I../../.ext/include/x86_64-darwin20 -I../.././include -I../.././ext/psych -D_XOPEN_SOURCE -D_DARWIN_C_SOURCE -D_DARWIN_UNLIMITED_SELECT -D_REENTRANT   -O3 -I/opt/local/include -fno-common -pipe conftest.c  -L. -L../.. -L. -L/opt/local/lib -fstack-protector-strong -L/usr/local/lib     -lruby.3.0-static -framework Security -framework Foundation -lpthread -lgmp -ldl -lobjc -lyaml   "
checked program was:
/* begin */
 1: #include "ruby.h"
 2: 
 3: /*top*/
 4: extern int t(void);
 5: int main(int argc, char **argv)
 6: {
 7:   if (argc > 1000000) {
 8:     int (* volatile tp)(void)=(int (*)(void))&t;
 9:     printf("%d", (*tp)());
10:   }
11: 
12:   return !!argv[argc];
13: }
14: extern void yaml_get_version();
15: int t(void) { yaml_get_version(); return 0; }
/* end */

--------------------

extconf.h is:
/* begin */
1: #ifndef EXTCONF_H
2: #define EXTCONF_H
3: #endif
/* end */

